TN:
SF:server.js
FN:31,(anonymous_0)
FN:37,(anonymous_1)
FNF:2
FNH:0
FNDA:0,(anonymous_0)
FNDA:0,(anonymous_1)
DA:12,0
DA:15,0
DA:17,0
DA:20,0
DA:21,0
DA:22,0
DA:25,0
DA:26,0
DA:27,0
DA:31,0
DA:32,0
DA:35,0
DA:37,0
DA:38,0
LF:14
LH:0
BRDA:35,0,0,0
BRDA:35,0,1,0
BRF:2
BRH:0
end_of_record
TN:
SF:client/src/App.js
FN:26,App
FNF:1
FNH:0
FNDA:0,App
DA:27,0
LF:1
LH:0
BRF:0
BRH:0
end_of_record
TN:
SF:client/src/index.js
FNF:0
FNH:0
DA:12,0
DA:13,0
DA:28,0
LF:3
LH:0
BRF:0
BRH:0
end_of_record
TN:
SF:client/src/reportWebVitals.js
FN:1,(anonymous_0)
FN:3,(anonymous_1)
FNF:2
FNH:0
FNDA:0,(anonymous_0)
FNDA:0,(anonymous_1)
DA:1,0
DA:2,0
DA:3,0
DA:4,0
DA:5,0
DA:6,0
DA:7,0
DA:8,0
LF:8
LH:0
BRDA:2,0,0,0
BRDA:2,0,1,0
BRDA:2,1,0,0
BRDA:2,1,1,0
BRF:4
BRH:0
end_of_record
TN:
SF:client/src/setupTests.js
FNF:0
FNH:0
LF:0
LH:0
BRF:0
BRH:0
end_of_record
TN:
SF:client/src/_site/App.js
FN:26,App
FNF:1
FNH:0
FNDA:0,App
DA:27,0
LF:1
LH:0
BRF:0
BRH:0
end_of_record
TN:
SF:client/src/_site/index.js
FNF:0
FNH:0
DA:12,0
DA:13,0
DA:28,0
LF:3
LH:0
BRF:0
BRH:0
end_of_record
TN:
SF:client/src/_site/reportWebVitals.js
FN:1,(anonymous_0)
FN:3,(anonymous_1)
FNF:2
FNH:0
FNDA:0,(anonymous_0)
FNDA:0,(anonymous_1)
DA:1,0
DA:2,0
DA:3,0
DA:4,0
DA:5,0
DA:6,0
DA:7,0
DA:8,0
LF:8
LH:0
BRDA:2,0,0,0
BRDA:2,0,1,0
BRDA:2,1,0,0
BRDA:2,1,1,0
BRF:4
BRH:0
end_of_record
TN:
SF:client/src/_site/setupTests.js
FNF:0
FNH:0
LF:0
LH:0
BRF:0
BRH:0
end_of_record
TN:
SF:client/src/_site/components/AdminMenu.js
FN:3,(anonymous_0)
FNF:1
FNH:0
FNDA:0,(anonymous_0)
DA:3,0
DA:4,0
LF:2
LH:0
BRF:0
BRH:0
end_of_record
TN:
SF:client/src/_site/components/Footer.js
FN:4,(anonymous_0)
FNF:1
FNH:1
FNDA:27,(anonymous_0)
DA:4,2
DA:5,27
LF:2
LH:2
BRF:0
BRH:0
end_of_record
TN:
SF:client/src/_site/components/Header.js
FN:10,(anonymous_0)
FN:14,(anonymous_1)
FN:63,(anonymous_2)
FNF:3
FNH:1
FNDA:27,(anonymous_0)
FNDA:0,(anonymous_1)
FNDA:0,(anonymous_2)
DA:10,2
DA:11,27
DA:12,27
DA:13,27
DA:14,27
DA:15,0
DA:20,0
DA:21,0
DA:23,27
DA:64,0
LF:10
LH:6
BRDA:76,0,0,27
BRDA:76,0,1,0
BRDA:105,1,0,0
BRDA:105,1,1,0
BRF:4
BRH:1
end_of_record
TN:
SF:client/src/_site/components/Layout.js
FN:8,(anonymous_0)
FNF:1
FNH:1
FNDA:27,(anonymous_0)
DA:8,2
DA:9,27
DA:28,2
LF:3
LH:3
BRF:0
BRH:0
end_of_record
TN:
SF:client/src/_site/components/Prices.js
FNF:0
FNH:0
DA:1,0
LF:1
LH:0
BRF:0
BRH:0
end_of_record
TN:
SF:client/src/_site/components/Spinner.js
FN:3,(anonymous_0)
FN:8,(anonymous_1)
FN:9,(anonymous_2)
FN:10,(anonymous_3)
FN:15,(anonymous_4)
FNF:5
FNH:0
FNDA:0,(anonymous_0)
FNDA:0,(anonymous_1)
FNDA:0,(anonymous_2)
FNDA:0,(anonymous_3)
FNDA:0,(anonymous_4)
DA:3,0
DA:4,0
DA:5,0
DA:6,0
DA:8,0
DA:9,0
DA:10,0
DA:12,0
DA:15,0
DA:17,0
LF:10
LH:0
BRDA:3,0,0,0
BRDA:12,1,0,0
BRDA:12,1,1,0
BRF:3
BRH:0
end_of_record
TN:
SF:client/src/_site/components/UserMenu.js
FN:3,(anonymous_0)
FNF:1
FNH:0
FNDA:0,(anonymous_0)
DA:3,0
DA:4,0
LF:2
LH:0
BRF:0
BRH:0
end_of_record
TN:
SF:client/src/_site/components/Form/CategoryForm.js
FN:3,(anonymous_0)
FN:13,(anonymous_1)
FNF:2
FNH:0
FNDA:0,(anonymous_0)
FNDA:0,(anonymous_1)
DA:3,0
DA:4,0
DA:13,0
LF:3
LH:0
BRF:0
BRH:0
end_of_record
TN:
SF:client/src/_site/components/Form/SearchInput.js
FN:5,(anonymous_0)
FN:9,(anonymous_1)
FN:30,(anonymous_2)
FNF:3
FNH:1
FNDA:27,(anonymous_0)
FNDA:0,(anonymous_1)
FNDA:0,(anonymous_2)
DA:5,2
DA:6,27
DA:7,27
DA:9,27
DA:10,0
DA:11,0
DA:12,0
DA:15,0
DA:16,0
DA:18,0
DA:21,27
DA:30,0
LF:12
LH:5
BRF:0
BRH:0
end_of_record
TN:
SF:client/src/_site/components/Routes/AdminRoute.js
FN:8,AdminRoute
FN:12,(anonymous_1)
FN:13,(anonymous_2)
FNF:3
FNH:0
FNDA:0,AdminRoute
FNDA:0,(anonymous_1)
FNDA:0,(anonymous_2)
DA:9,0
DA:10,0
DA:12,0
DA:13,0
DA:14,0
DA:15,0
DA:16,0
DA:18,0
DA:21,0
DA:24,0
LF:10
LH:0
BRDA:15,0,0,0
BRDA:15,0,1,0
BRDA:21,1,0,0
BRDA:21,1,1,0
BRDA:24,2,0,0
BRDA:24,2,1,0
BRF:6
BRH:0
end_of_record
TN:
SF:client/src/_site/components/Routes/Private.js
FN:8,PrivateRoute
FN:12,(anonymous_1)
FN:13,(anonymous_2)
FNF:3
FNH:0
FNDA:0,PrivateRoute
FNDA:0,(anonymous_1)
FNDA:0,(anonymous_2)
DA:9,0
DA:10,0
DA:12,0
DA:13,0
DA:14,0
DA:15,0
DA:16,0
DA:18,0
DA:21,0
DA:24,0
LF:10
LH:0
BRDA:15,0,0,0
BRDA:15,0,1,0
BRDA:21,1,0,0
BRDA:21,1,1,0
BRDA:24,2,0,0
BRDA:24,2,1,0
BRF:6
BRH:0
end_of_record
TN:
SF:client/src/_site/context/auth.js
FN:6,(anonymous_0)
FN:15,(anonymous_1)
FN:35,(anonymous_2)
FNF:3
FNH:0
FNDA:0,(anonymous_0)
FNDA:0,(anonymous_1)
FNDA:0,(anonymous_2)
DA:4,0
DA:6,0
DA:7,0
DA:13,0
DA:15,0
DA:16,0
DA:17,0
DA:18,0
DA:19,0
DA:27,0
DA:35,0
LF:11
LH:0
BRDA:17,0,0,0
BRDA:17,0,1,0
BRF:2
BRH:0
end_of_record
TN:
SF:client/src/_site/context/cart.js
FN:4,(anonymous_0)
FN:7,(anonymous_1)
FN:20,(anonymous_2)
FNF:3
FNH:0
FNDA:0,(anonymous_0)
FNDA:0,(anonymous_1)
FNDA:0,(anonymous_2)
DA:3,0
DA:4,0
DA:5,0
DA:7,0
DA:8,0
DA:9,0
DA:12,0
DA:20,0
LF:8
LH:0
BRDA:9,0,0,0
BRDA:9,0,1,0
BRF:2
BRH:0
end_of_record
TN:
SF:client/src/_site/context/search.js
FN:4,(anonymous_0)
FN:18,(anonymous_1)
FNF:2
FNH:0
FNDA:0,(anonymous_0)
FNDA:0,(anonymous_1)
DA:3,0
DA:4,0
DA:5,0
DA:10,0
DA:18,0
LF:5
LH:0
BRF:0
BRH:0
end_of_record
TN:
SF:client/src/_site/hooks/useCategory.js
FN:4,useCategory
FN:8,(anonymous_1)
FN:17,(anonymous_2)
FNF:3
FNH:3
FNDA:27,useCategory
FNDA:7,(anonymous_1)
FNDA:7,(anonymous_2)
DA:5,27
DA:8,27
DA:9,7
DA:10,7
DA:11,0
DA:13,7
DA:17,27
DA:18,7
DA:21,27
LF:9
LH:8
BRF:0
BRH:0
end_of_record
TN:
SF:client/src/_site/markbind/js/bootstrap-utility.min.js
FN:6,(anonymous_0)
FN:6,(anonymous_1)
FN:6,(anonymous_2)
FN:6,(anonymous_3)
FN:6,(anonymous_4)
FN:6,(anonymous_5)
FN:6,(anonymous_6)
FN:6,(anonymous_7)
FN:6,(anonymous_8)
FN:6,(anonymous_9)
FN:6,(anonymous_10)
FN:6,(anonymous_11)
FN:6,(anonymous_12)
FN:6,(anonymous_13)
FN:6,(anonymous_14)
FN:6,(anonymous_15)
FN:6,(anonymous_16)
FN:6,(anonymous_17)
FN:6,(anonymous_18)
FN:6,(anonymous_19)
FN:6,(anonymous_20)
FN:6,(anonymous_21)
FN:6,(anonymous_22)
FN:6,(anonymous_23)
FN:6,(anonymous_24)
FN:6,(anonymous_25)
FN:6,(anonymous_26)
FN:6,(anonymous_27)
FN:6,L
FN:6,x
FN:6,D
FN:6,S
FN:6,N
FN:6,(anonymous_33)
FN:6,(anonymous_34)
FN:6,(anonymous_35)
FN:6,n
FN:6,(anonymous_37)
FN:6,i
FN:6,I
FN:6,P
FN:6,(anonymous_41)
FN:6,(anonymous_42)
FN:6,(anonymous_43)
FN:6,(anonymous_44)
FN:6,(anonymous_45)
FN:6,(anonymous_46)
FN:6,(anonymous_47)
FN:6,(anonymous_48)
FN:6,(anonymous_49)
FN:6,(anonymous_50)
FN:6,(anonymous_51)
FN:6,(anonymous_52)
FN:6,(anonymous_53)
FN:6,(anonymous_54)
FN:6,(anonymous_55)
FN:6,(anonymous_56)
FN:6,(anonymous_57)
FN:6,(anonymous_58)
FN:6,(anonymous_59)
FN:6,(anonymous_60)
FN:6,(anonymous_61)
FN:6,(anonymous_62)
FN:6,(anonymous_63)
FN:6,(anonymous_64)
FN:6,(anonymous_65)
FN:6,(anonymous_66)
FN:6,(anonymous_67)
FN:6,(anonymous_68)
FN:6,(anonymous_69)
FN:6,(anonymous_70)
FN:6,(anonymous_71)
FN:6,(anonymous_72)
FN:6,(anonymous_73)
FN:6,(anonymous_74)
FN:6,(anonymous_75)
FN:6,q
FN:6,F
FN:6,(anonymous_78)
FN:6,(anonymous_79)
FN:6,(anonymous_80)
FN:6,(anonymous_81)
FN:6,(anonymous_82)
FN:6,(anonymous_83)
FN:6,(anonymous_84)
FN:6,(anonymous_85)
FN:6,(anonymous_86)
FN:6,(anonymous_87)
FN:6,(anonymous_88)
FN:6,(anonymous_89)
FN:6,(anonymous_90)
FN:6,(anonymous_91)
FN:6,(anonymous_92)
FN:6,(anonymous_93)
FN:6,(anonymous_94)
FN:6,(anonymous_95)
FN:6,(anonymous_96)
FN:6,(anonymous_97)
FN:6,(anonymous_98)
FN:6,(anonymous_99)
FN:6,(anonymous_100)
FN:6,(anonymous_101)
FN:6,(anonymous_102)
FN:6,(anonymous_103)
FN:6,(anonymous_104)
FN:6,(anonymous_105)
FN:6,(anonymous_106)
FN:6,(anonymous_107)
FN:6,(anonymous_108)
FN:6,(anonymous_109)
FN:6,(anonymous_110)
FN:6,(anonymous_111)
FN:6,(anonymous_112)
FN:6,(anonymous_113)
FN:6,(anonymous_114)
FN:6,(anonymous_115)
FN:6,(anonymous_116)
FN:6,(anonymous_117)
FN:6,(anonymous_118)
FN:6,(anonymous_119)
FN:6,(anonymous_120)
FN:6,(anonymous_121)
FN:6,(anonymous_122)
FN:6,(anonymous_123)
FN:6,(anonymous_124)
FN:6,(anonymous_125)
FN:6,(anonymous_126)
FN:6,(anonymous_127)
FN:6,(anonymous_128)
FN:6,(anonymous_129)
FN:6,(anonymous_130)
FN:6,(anonymous_131)
FN:6,(anonymous_132)
FN:6,(anonymous_133)
FN:6,(anonymous_134)
FN:6,(anonymous_135)
FN:6,(anonymous_136)
FN:6,(anonymous_137)
FN:6,(anonymous_138)
FN:6,(anonymous_139)
FN:6,(anonymous_140)
FN:6,(anonymous_141)
FN:6,(anonymous_142)
FN:6,(anonymous_143)
FN:6,(anonymous_144)
FN:6,(anonymous_145)
FN:6,(anonymous_146)
FN:6,(anonymous_147)
FN:6,(anonymous_148)
FN:6,(anonymous_149)
FN:6,(anonymous_150)
FN:6,(anonymous_151)
FN:6,(anonymous_152)
FN:6,(anonymous_153)
FN:6,(anonymous_154)
FN:6,(anonymous_155)
FN:6,(anonymous_156)
FN:6,(anonymous_157)
FN:6,(anonymous_158)
FN:6,(anonymous_159)
FN:6,(anonymous_160)
FN:6,(anonymous_161)
FN:6,(anonymous_162)
FN:6,(anonymous_163)
FN:6,(anonymous_164)
FN:6,(anonymous_165)
FN:6,(anonymous_166)
FN:6,(anonymous_167)
FN:6,(anonymous_168)
FN:6,Rt
FN:6,Wt
FN:6,$t
FN:6,zt
FN:6,qt
FN:6,(anonymous_174)
FN:6,(anonymous_175)
FN:6,(anonymous_176)
FN:6,(anonymous_177)
FN:6,(anonymous_178)
FN:6,(anonymous_179)
FN:6,(anonymous_180)
FN:6,(anonymous_181)
FN:6,Ut
FN:6,Vt
FN:6,Kt
FN:6,Xt
FN:6,Yt
FN:6,Qt
FN:6,Gt
FN:6,Zt
FN:6,Jt
FN:6,te
FN:6,(anonymous_192)
FN:6,ee
FN:6,oe
FN:6,re
FN:6,ae
FN:6,(anonymous_197)
FN:6,(anonymous_198)
FN:6,(anonymous_199)
FN:6,(anonymous_200)
FN:6,ce
FN:6,de
FN:6,(anonymous_203)
FN:6,(anonymous_204)
FN:6,(anonymous_205)
FN:6,(anonymous_206)
FN:6,(anonymous_207)
FN:6,(anonymous_208)
FN:6,(anonymous_209)
FN:6,ge
FN:6,(anonymous_211)
FN:6,be
FN:6,(anonymous_213)
FN:6,ve
FN:6,ye
FN:6,we
FN:6,Ee
FN:6,Ae
FN:6,Te
FN:6,Oe
FN:6,(anonymous_221)
FN:6,(anonymous_222)
FN:6,(anonymous_223)
FN:6,Ce
FN:6,ke
FN:6,(anonymous_226)
FN:6,(anonymous_227)
FN:6,(anonymous_228)
FN:6,(anonymous_229)
FN:6,(anonymous_230)
FN:6,Le
FN:6,(anonymous_232)
FN:6,(anonymous_233)
FN:6,(anonymous_234)
FN:6,(anonymous_235)
FN:6,(anonymous_236)
FN:6,(anonymous_237)
FN:6,(anonymous_238)
FN:6,(anonymous_239)
FN:6,(anonymous_240)
FN:6,(anonymous_241)
FN:6,(anonymous_242)
FN:6,De
FN:6,Se
FN:6,(anonymous_245)
FN:6,(anonymous_246)
FN:6,(anonymous_247)
FN:6,(anonymous_248)
FN:6,(anonymous_249)
FN:6,(anonymous_250)
FN:6,(anonymous_251)
FN:6,Me
FN:6,(anonymous_253)
FN:6,He
FN:6,s
FN:6,(anonymous_256)
FN:6,(anonymous_257)
FN:6,(anonymous_258)
FN:6,Re
FN:6,(anonymous_260)
FN:6,We
FN:6,(anonymous_262)
FN:6,(anonymous_263)
FN:6,(anonymous_264)
FN:6,(anonymous_265)
FN:6,(anonymous_266)
FN:6,(anonymous_267)
FN:6,(anonymous_268)
FN:6,(anonymous_269)
FN:6,(anonymous_270)
FN:6,(anonymous_271)
FN:6,(anonymous_272)
FN:6,(anonymous_273)
FN:6,(anonymous_274)
FN:6,(anonymous_275)
FN:6,(anonymous_276)
FN:6,(anonymous_277)
FN:6,(anonymous_278)
FN:6,(anonymous_279)
FN:6,d
FN:6,(anonymous_281)
FN:6,(anonymous_282)
FN:6,(anonymous_283)
FN:6,(anonymous_284)
FN:6,(anonymous_285)
FN:6,(anonymous_286)
FN:6,(anonymous_287)
FN:6,(anonymous_288)
FN:6,(anonymous_289)
FN:6,(anonymous_290)
FN:6,(anonymous_291)
FN:6,(anonymous_292)
FN:6,(anonymous_293)
FN:6,(anonymous_294)
FN:6,(anonymous_295)
FN:6,(anonymous_296)
FN:6,(anonymous_297)
FN:6,(anonymous_298)
FN:6,(anonymous_299)
FN:6,(anonymous_300)
FN:6,(anonymous_301)
FN:6,(anonymous_302)
FN:6,(anonymous_303)
FN:6,(anonymous_304)
FN:6,(anonymous_305)
FN:6,(anonymous_306)
FN:6,(anonymous_307)
FN:6,(anonymous_308)
FN:6,(anonymous_309)
FN:6,(anonymous_310)
FN:6,(anonymous_311)
FN:6,(anonymous_312)
FN:6,(anonymous_313)
FN:6,(anonymous_314)
FN:6,(anonymous_315)
FN:6,(anonymous_316)
FN:6,(anonymous_317)
FN:6,(anonymous_318)
FN:6,(anonymous_319)
FN:6,(anonymous_320)
FN:6,(anonymous_321)
FN:6,(anonymous_322)
FN:6,(anonymous_323)
FN:6,(anonymous_324)
FN:6,(anonymous_325)
FN:6,(anonymous_326)
FN:6,(anonymous_327)
FN:6,(anonymous_328)
FN:6,(anonymous_329)
FN:6,(anonymous_330)
FN:6,(anonymous_331)
FN:6,(anonymous_332)
FN:6,(anonymous_333)
FN:6,(anonymous_334)
FN:6,(anonymous_335)
FN:6,(anonymous_336)
FN:6,(anonymous_337)
FN:6,(anonymous_338)
FN:6,(anonymous_339)
FN:6,(anonymous_340)
FN:6,(anonymous_341)
FN:6,(anonymous_342)
FN:6,(anonymous_343)
FN:6,(anonymous_344)
FN:6,(anonymous_345)
FN:6,(anonymous_346)
FN:6,(anonymous_347)
FN:6,(anonymous_348)
FN:6,(anonymous_349)
FN:6,(anonymous_350)
FN:6,(anonymous_351)
FN:6,(anonymous_352)
FN:6,(anonymous_353)
FN:6,(anonymous_354)
FN:6,(anonymous_355)
FN:6,(anonymous_356)
FN:6,(anonymous_357)
FN:6,(anonymous_358)
FN:6,(anonymous_359)
FN:6,(anonymous_360)
FN:6,(anonymous_361)
FN:6,(anonymous_362)
FN:6,(anonymous_363)
FN:6,(anonymous_364)
FN:6,(anonymous_365)
FN:6,(anonymous_366)
FN:6,(anonymous_367)
FN:6,(anonymous_368)
FN:6,(anonymous_369)
FN:6,(anonymous_370)
FN:6,(anonymous_371)
FN:6,(anonymous_372)
FN:6,(anonymous_373)
FN:6,(anonymous_374)
FN:6,(anonymous_375)
FN:6,(anonymous_376)
FN:6,(anonymous_377)
FN:6,(anonymous_378)
FN:6,(anonymous_379)
FN:6,(anonymous_380)
FN:6,(anonymous_381)
FN:6,(anonymous_382)
FN:6,(anonymous_383)
FN:6,(anonymous_384)
FN:6,(anonymous_385)
FN:6,(anonymous_386)
FN:6,(anonymous_387)
FN:6,(anonymous_388)
FN:6,(anonymous_389)
FN:6,(anonymous_390)
FN:6,(anonymous_391)
FN:6,(anonymous_392)
FN:6,(anonymous_393)
FN:6,(anonymous_394)
FN:6,(anonymous_395)
FN:6,(anonymous_396)
FN:6,(anonymous_397)
FN:6,(anonymous_398)
FN:6,(anonymous_399)
FN:6,(anonymous_400)
FN:6,(anonymous_401)
FN:6,(anonymous_402)
FN:6,(anonymous_403)
FN:6,(anonymous_404)
FN:6,(anonymous_405)
FN:6,(anonymous_406)
FN:6,Yi
FN:6,(anonymous_408)
FN:6,(anonymous_409)
FN:6,(anonymous_410)
FN:6,(anonymous_411)
FN:6,(anonymous_412)
FN:6,(anonymous_413)
FN:6,(anonymous_414)
FN:6,(anonymous_415)
FN:6,(anonymous_416)
FN:6,(anonymous_417)
FN:6,(anonymous_418)
FN:6,(anonymous_419)
FN:6,(anonymous_420)
FN:6,(anonymous_421)
FN:6,(anonymous_422)
FN:6,(anonymous_423)
FN:6,(anonymous_424)
FN:6,(anonymous_425)
FN:6,(anonymous_426)
FN:6,(anonymous_427)
FN:6,(anonymous_428)
FN:6,(anonymous_429)
FN:6,(anonymous_430)
FN:6,(anonymous_431)
FN:6,(anonymous_432)
FN:6,(anonymous_433)
FN:6,(anonymous_434)
FN:6,(anonymous_435)
FN:6,(anonymous_436)
FN:6,(anonymous_437)
FN:6,(anonymous_438)
FN:6,(anonymous_439)
FN:6,(anonymous_440)
FN:6,(anonymous_441)
FN:6,(anonymous_442)
FN:6,(anonymous_443)
FN:6,(anonymous_444)
FN:6,(anonymous_445)
FN:6,(anonymous_446)
FN:6,(anonymous_447)
FN:6,(anonymous_448)
FN:6,(anonymous_449)
FN:6,(anonymous_450)
FN:6,(anonymous_451)
FN:6,(anonymous_452)
FN:6,(anonymous_453)
FN:6,(anonymous_454)
FN:6,(anonymous_455)
FN:6,(anonymous_456)
FN:6,(anonymous_457)
FN:6,(anonymous_458)
FN:6,(anonymous_459)
FN:6,(anonymous_460)
FN:6,(anonymous_461)
FN:6,(anonymous_462)
FN:6,(anonymous_463)
FN:6,(anonymous_464)
FN:6,(anonymous_465)
FN:6,(anonymous_466)
FN:6,(anonymous_467)
FN:6,(anonymous_468)
FN:6,(anonymous_469)
FN:6,(anonymous_470)
FN:6,(anonymous_471)
FN:6,(anonymous_472)
FN:6,(anonymous_473)
FN:6,(anonymous_474)
FN:6,(anonymous_475)
FN:6,(anonymous_476)
FN:6,(anonymous_477)
FN:6,(anonymous_478)
FN:6,(anonymous_479)
FN:6,(anonymous_480)
FN:6,(anonymous_481)
FN:6,(anonymous_482)
FN:6,(anonymous_483)
FN:6,(anonymous_484)
FN:6,(anonymous_485)
FN:6,(anonymous_486)
FN:6,(anonymous_487)
FN:6,(anonymous_488)
FN:6,(anonymous_489)
FN:6,(anonymous_490)
FN:6,(anonymous_491)
FN:6,(anonymous_492)
FN:6,(anonymous_493)
FN:6,(anonymous_494)
FN:6,(anonymous_495)
FN:6,(anonymous_496)
FN:6,(anonymous_497)
FN:6,(anonymous_498)
FN:6,(anonymous_499)
FN:6,(anonymous_500)
FN:6,(anonymous_501)
FN:6,(anonymous_502)
FN:6,(anonymous_503)
FN:6,(anonymous_504)
FN:6,(anonymous_505)
FN:6,(anonymous_506)
FN:6,(anonymous_507)
FN:6,(anonymous_508)
FN:6,(anonymous_509)
FN:6,(anonymous_510)
FN:6,(anonymous_511)
FN:6,(anonymous_512)
FN:6,(anonymous_513)
FN:6,(anonymous_514)
FN:6,(anonymous_515)
FN:6,(anonymous_516)
FN:6,(anonymous_517)
FN:6,(anonymous_518)
FN:6,(anonymous_519)
FN:6,(anonymous_520)
FN:6,(anonymous_521)
FN:6,(anonymous_522)
FN:6,(anonymous_523)
FN:6,(anonymous_524)
FN:6,(anonymous_525)
FN:6,(anonymous_526)
FN:6,(anonymous_527)
FN:6,(anonymous_528)
FN:6,(anonymous_529)
FN:6,(anonymous_530)
FN:6,(anonymous_531)
FN:6,(anonymous_532)
FN:6,(anonymous_533)
FN:6,(anonymous_534)
FN:6,(anonymous_535)
FNF:536
FNH:0
FNDA:0,(anonymous_0)
FNDA:0,(anonymous_1)
FNDA:0,(anonymous_2)
FNDA:0,(anonymous_3)
FNDA:0,(anonymous_4)
FNDA:0,(anonymous_5)
FNDA:0,(anonymous_6)
FNDA:0,(anonymous_7)
FNDA:0,(anonymous_8)
FNDA:0,(anonymous_9)
FNDA:0,(anonymous_10)
FNDA:0,(anonymous_11)
FNDA:0,(anonymous_12)
FNDA:0,(anonymous_13)
FNDA:0,(anonymous_14)
FNDA:0,(anonymous_15)
FNDA:0,(anonymous_16)
FNDA:0,(anonymous_17)
FNDA:0,(anonymous_18)
FNDA:0,(anonymous_19)
FNDA:0,(anonymous_20)
FNDA:0,(anonymous_21)
FNDA:0,(anonymous_22)
FNDA:0,(anonymous_23)
FNDA:0,(anonymous_24)
FNDA:0,(anonymous_25)
FNDA:0,(anonymous_26)
FNDA:0,(anonymous_27)
FNDA:0,L
FNDA:0,x
FNDA:0,D
FNDA:0,S
FNDA:0,N
FNDA:0,(anonymous_33)
FNDA:0,(anonymous_34)
FNDA:0,(anonymous_35)
FNDA:0,n
FNDA:0,(anonymous_37)
FNDA:0,i
FNDA:0,I
FNDA:0,P
FNDA:0,(anonymous_41)
FNDA:0,(anonymous_42)
FNDA:0,(anonymous_43)
FNDA:0,(anonymous_44)
FNDA:0,(anonymous_45)
FNDA:0,(anonymous_46)
FNDA:0,(anonymous_47)
FNDA:0,(anonymous_48)
FNDA:0,(anonymous_49)
FNDA:0,(anonymous_50)
FNDA:0,(anonymous_51)
FNDA:0,(anonymous_52)
FNDA:0,(anonymous_53)
FNDA:0,(anonymous_54)
FNDA:0,(anonymous_55)
FNDA:0,(anonymous_56)
FNDA:0,(anonymous_57)
FNDA:0,(anonymous_58)
FNDA:0,(anonymous_59)
FNDA:0,(anonymous_60)
FNDA:0,(anonymous_61)
FNDA:0,(anonymous_62)
FNDA:0,(anonymous_63)
FNDA:0,(anonymous_64)
FNDA:0,(anonymous_65)
FNDA:0,(anonymous_66)
FNDA:0,(anonymous_67)
FNDA:0,(anonymous_68)
FNDA:0,(anonymous_69)
FNDA:0,(anonymous_70)
FNDA:0,(anonymous_71)
FNDA:0,(anonymous_72)
FNDA:0,(anonymous_73)
FNDA:0,(anonymous_74)
FNDA:0,(anonymous_75)
FNDA:0,q
FNDA:0,F
FNDA:0,(anonymous_78)
FNDA:0,(anonymous_79)
FNDA:0,(anonymous_80)
FNDA:0,(anonymous_81)
FNDA:0,(anonymous_82)
FNDA:0,(anonymous_83)
FNDA:0,(anonymous_84)
FNDA:0,(anonymous_85)
FNDA:0,(anonymous_86)
FNDA:0,(anonymous_87)
FNDA:0,(anonymous_88)
FNDA:0,(anonymous_89)
FNDA:0,(anonymous_90)
FNDA:0,(anonymous_91)
FNDA:0,(anonymous_92)
FNDA:0,(anonymous_93)
FNDA:0,(anonymous_94)
FNDA:0,(anonymous_95)
FNDA:0,(anonymous_96)
FNDA:0,(anonymous_97)
FNDA:0,(anonymous_98)
FNDA:0,(anonymous_99)
FNDA:0,(anonymous_100)
FNDA:0,(anonymous_101)
FNDA:0,(anonymous_102)
FNDA:0,(anonymous_103)
FNDA:0,(anonymous_104)
FNDA:0,(anonymous_105)
FNDA:0,(anonymous_106)
FNDA:0,(anonymous_107)
FNDA:0,(anonymous_108)
FNDA:0,(anonymous_109)
FNDA:0,(anonymous_110)
FNDA:0,(anonymous_111)
FNDA:0,(anonymous_112)
FNDA:0,(anonymous_113)
FNDA:0,(anonymous_114)
FNDA:0,(anonymous_115)
FNDA:0,(anonymous_116)
FNDA:0,(anonymous_117)
FNDA:0,(anonymous_118)
FNDA:0,(anonymous_119)
FNDA:0,(anonymous_120)
FNDA:0,(anonymous_121)
FNDA:0,(anonymous_122)
FNDA:0,(anonymous_123)
FNDA:0,(anonymous_124)
FNDA:0,(anonymous_125)
FNDA:0,(anonymous_126)
FNDA:0,(anonymous_127)
FNDA:0,(anonymous_128)
FNDA:0,(anonymous_129)
FNDA:0,(anonymous_130)
FNDA:0,(anonymous_131)
FNDA:0,(anonymous_132)
FNDA:0,(anonymous_133)
FNDA:0,(anonymous_134)
FNDA:0,(anonymous_135)
FNDA:0,(anonymous_136)
FNDA:0,(anonymous_137)
FNDA:0,(anonymous_138)
FNDA:0,(anonymous_139)
FNDA:0,(anonymous_140)
FNDA:0,(anonymous_141)
FNDA:0,(anonymous_142)
FNDA:0,(anonymous_143)
FNDA:0,(anonymous_144)
FNDA:0,(anonymous_145)
FNDA:0,(anonymous_146)
FNDA:0,(anonymous_147)
FNDA:0,(anonymous_148)
FNDA:0,(anonymous_149)
FNDA:0,(anonymous_150)
FNDA:0,(anonymous_151)
FNDA:0,(anonymous_152)
FNDA:0,(anonymous_153)
FNDA:0,(anonymous_154)
FNDA:0,(anonymous_155)
FNDA:0,(anonymous_156)
FNDA:0,(anonymous_157)
FNDA:0,(anonymous_158)
FNDA:0,(anonymous_159)
FNDA:0,(anonymous_160)
FNDA:0,(anonymous_161)
FNDA:0,(anonymous_162)
FNDA:0,(anonymous_163)
FNDA:0,(anonymous_164)
FNDA:0,(anonymous_165)
FNDA:0,(anonymous_166)
FNDA:0,(anonymous_167)
FNDA:0,(anonymous_168)
FNDA:0,Rt
FNDA:0,Wt
FNDA:0,$t
FNDA:0,zt
FNDA:0,qt
FNDA:0,(anonymous_174)
FNDA:0,(anonymous_175)
FNDA:0,(anonymous_176)
FNDA:0,(anonymous_177)
FNDA:0,(anonymous_178)
FNDA:0,(anonymous_179)
FNDA:0,(anonymous_180)
FNDA:0,(anonymous_181)
FNDA:0,Ut
FNDA:0,Vt
FNDA:0,Kt
FNDA:0,Xt
FNDA:0,Yt
FNDA:0,Qt
FNDA:0,Gt
FNDA:0,Zt
FNDA:0,Jt
FNDA:0,te
FNDA:0,(anonymous_192)
FNDA:0,ee
FNDA:0,oe
FNDA:0,re
FNDA:0,ae
FNDA:0,(anonymous_197)
FNDA:0,(anonymous_198)
FNDA:0,(anonymous_199)
FNDA:0,(anonymous_200)
FNDA:0,ce
FNDA:0,de
FNDA:0,(anonymous_203)
FNDA:0,(anonymous_204)
FNDA:0,(anonymous_205)
FNDA:0,(anonymous_206)
FNDA:0,(anonymous_207)
FNDA:0,(anonymous_208)
FNDA:0,(anonymous_209)
FNDA:0,ge
FNDA:0,(anonymous_211)
FNDA:0,be
FNDA:0,(anonymous_213)
FNDA:0,ve
FNDA:0,ye
FNDA:0,we
FNDA:0,Ee
FNDA:0,Ae
FNDA:0,Te
FNDA:0,Oe
FNDA:0,(anonymous_221)
FNDA:0,(anonymous_222)
FNDA:0,(anonymous_223)
FNDA:0,Ce
FNDA:0,ke
FNDA:0,(anonymous_226)
FNDA:0,(anonymous_227)
FNDA:0,(anonymous_228)
FNDA:0,(anonymous_229)
FNDA:0,(anonymous_230)
FNDA:0,Le
FNDA:0,(anonymous_232)
FNDA:0,(anonymous_233)
FNDA:0,(anonymous_234)
FNDA:0,(anonymous_235)
FNDA:0,(anonymous_236)
FNDA:0,(anonymous_237)
FNDA:0,(anonymous_238)
FNDA:0,(anonymous_239)
FNDA:0,(anonymous_240)
FNDA:0,(anonymous_241)
FNDA:0,(anonymous_242)
FNDA:0,De
FNDA:0,Se
FNDA:0,(anonymous_245)
FNDA:0,(anonymous_246)
FNDA:0,(anonymous_247)
FNDA:0,(anonymous_248)
FNDA:0,(anonymous_249)
FNDA:0,(anonymous_250)
FNDA:0,(anonymous_251)
FNDA:0,Me
FNDA:0,(anonymous_253)
FNDA:0,He
FNDA:0,s
FNDA:0,(anonymous_256)
FNDA:0,(anonymous_257)
FNDA:0,(anonymous_258)
FNDA:0,Re
FNDA:0,(anonymous_260)
FNDA:0,We
FNDA:0,(anonymous_262)
FNDA:0,(anonymous_263)
FNDA:0,(anonymous_264)
FNDA:0,(anonymous_265)
FNDA:0,(anonymous_266)
FNDA:0,(anonymous_267)
FNDA:0,(anonymous_268)
FNDA:0,(anonymous_269)
FNDA:0,(anonymous_270)
FNDA:0,(anonymous_271)
FNDA:0,(anonymous_272)
FNDA:0,(anonymous_273)
FNDA:0,(anonymous_274)
FNDA:0,(anonymous_275)
FNDA:0,(anonymous_276)
FNDA:0,(anonymous_277)
FNDA:0,(anonymous_278)
FNDA:0,(anonymous_279)
FNDA:0,d
FNDA:0,(anonymous_281)
FNDA:0,(anonymous_282)
FNDA:0,(anonymous_283)
FNDA:0,(anonymous_284)
FNDA:0,(anonymous_285)
FNDA:0,(anonymous_286)
FNDA:0,(anonymous_287)
FNDA:0,(anonymous_288)
FNDA:0,(anonymous_289)
FNDA:0,(anonymous_290)
FNDA:0,(anonymous_291)
FNDA:0,(anonymous_292)
FNDA:0,(anonymous_293)
FNDA:0,(anonymous_294)
FNDA:0,(anonymous_295)
FNDA:0,(anonymous_296)
FNDA:0,(anonymous_297)
FNDA:0,(anonymous_298)
FNDA:0,(anonymous_299)
FNDA:0,(anonymous_300)
FNDA:0,(anonymous_301)
FNDA:0,(anonymous_302)
FNDA:0,(anonymous_303)
FNDA:0,(anonymous_304)
FNDA:0,(anonymous_305)
FNDA:0,(anonymous_306)
FNDA:0,(anonymous_307)
FNDA:0,(anonymous_308)
FNDA:0,(anonymous_309)
FNDA:0,(anonymous_310)
FNDA:0,(anonymous_311)
FNDA:0,(anonymous_312)
FNDA:0,(anonymous_313)
FNDA:0,(anonymous_314)
FNDA:0,(anonymous_315)
FNDA:0,(anonymous_316)
FNDA:0,(anonymous_317)
FNDA:0,(anonymous_318)
FNDA:0,(anonymous_319)
FNDA:0,(anonymous_320)
FNDA:0,(anonymous_321)
FNDA:0,(anonymous_322)
FNDA:0,(anonymous_323)
FNDA:0,(anonymous_324)
FNDA:0,(anonymous_325)
FNDA:0,(anonymous_326)
FNDA:0,(anonymous_327)
FNDA:0,(anonymous_328)
FNDA:0,(anonymous_329)
FNDA:0,(anonymous_330)
FNDA:0,(anonymous_331)
FNDA:0,(anonymous_332)
FNDA:0,(anonymous_333)
FNDA:0,(anonymous_334)
FNDA:0,(anonymous_335)
FNDA:0,(anonymous_336)
FNDA:0,(anonymous_337)
FNDA:0,(anonymous_338)
FNDA:0,(anonymous_339)
FNDA:0,(anonymous_340)
FNDA:0,(anonymous_341)
FNDA:0,(anonymous_342)
FNDA:0,(anonymous_343)
FNDA:0,(anonymous_344)
FNDA:0,(anonymous_345)
FNDA:0,(anonymous_346)
FNDA:0,(anonymous_347)
FNDA:0,(anonymous_348)
FNDA:0,(anonymous_349)
FNDA:0,(anonymous_350)
FNDA:0,(anonymous_351)
FNDA:0,(anonymous_352)
FNDA:0,(anonymous_353)
FNDA:0,(anonymous_354)
FNDA:0,(anonymous_355)
FNDA:0,(anonymous_356)
FNDA:0,(anonymous_357)
FNDA:0,(anonymous_358)
FNDA:0,(anonymous_359)
FNDA:0,(anonymous_360)
FNDA:0,(anonymous_361)
FNDA:0,(anonymous_362)
FNDA:0,(anonymous_363)
FNDA:0,(anonymous_364)
FNDA:0,(anonymous_365)
FNDA:0,(anonymous_366)
FNDA:0,(anonymous_367)
FNDA:0,(anonymous_368)
FNDA:0,(anonymous_369)
FNDA:0,(anonymous_370)
FNDA:0,(anonymous_371)
FNDA:0,(anonymous_372)
FNDA:0,(anonymous_373)
FNDA:0,(anonymous_374)
FNDA:0,(anonymous_375)
FNDA:0,(anonymous_376)
FNDA:0,(anonymous_377)
FNDA:0,(anonymous_378)
FNDA:0,(anonymous_379)
FNDA:0,(anonymous_380)
FNDA:0,(anonymous_381)
FNDA:0,(anonymous_382)
FNDA:0,(anonymous_383)
FNDA:0,(anonymous_384)
FNDA:0,(anonymous_385)
FNDA:0,(anonymous_386)
FNDA:0,(anonymous_387)
FNDA:0,(anonymous_388)
FNDA:0,(anonymous_389)
FNDA:0,(anonymous_390)
FNDA:0,(anonymous_391)
FNDA:0,(anonymous_392)
FNDA:0,(anonymous_393)
FNDA:0,(anonymous_394)
FNDA:0,(anonymous_395)
FNDA:0,(anonymous_396)
FNDA:0,(anonymous_397)
FNDA:0,(anonymous_398)
FNDA:0,(anonymous_399)
FNDA:0,(anonymous_400)
FNDA:0,(anonymous_401)
FNDA:0,(anonymous_402)
FNDA:0,(anonymous_403)
FNDA:0,(anonymous_404)
FNDA:0,(anonymous_405)
FNDA:0,(anonymous_406)
FNDA:0,Yi
FNDA:0,(anonymous_408)
FNDA:0,(anonymous_409)
FNDA:0,(anonymous_410)
FNDA:0,(anonymous_411)
FNDA:0,(anonymous_412)
FNDA:0,(anonymous_413)
FNDA:0,(anonymous_414)
FNDA:0,(anonymous_415)
FNDA:0,(anonymous_416)
FNDA:0,(anonymous_417)
FNDA:0,(anonymous_418)
FNDA:0,(anonymous_419)
FNDA:0,(anonymous_420)
FNDA:0,(anonymous_421)
FNDA:0,(anonymous_422)
FNDA:0,(anonymous_423)
FNDA:0,(anonymous_424)
FNDA:0,(anonymous_425)
FNDA:0,(anonymous_426)
FNDA:0,(anonymous_427)
FNDA:0,(anonymous_428)
FNDA:0,(anonymous_429)
FNDA:0,(anonymous_430)
FNDA:0,(anonymous_431)
FNDA:0,(anonymous_432)
FNDA:0,(anonymous_433)
FNDA:0,(anonymous_434)
FNDA:0,(anonymous_435)
FNDA:0,(anonymous_436)
FNDA:0,(anonymous_437)
FNDA:0,(anonymous_438)
FNDA:0,(anonymous_439)
FNDA:0,(anonymous_440)
FNDA:0,(anonymous_441)
FNDA:0,(anonymous_442)
FNDA:0,(anonymous_443)
FNDA:0,(anonymous_444)
FNDA:0,(anonymous_445)
FNDA:0,(anonymous_446)
FNDA:0,(anonymous_447)
FNDA:0,(anonymous_448)
FNDA:0,(anonymous_449)
FNDA:0,(anonymous_450)
FNDA:0,(anonymous_451)
FNDA:0,(anonymous_452)
FNDA:0,(anonymous_453)
FNDA:0,(anonymous_454)
FNDA:0,(anonymous_455)
FNDA:0,(anonymous_456)
FNDA:0,(anonymous_457)
FNDA:0,(anonymous_458)
FNDA:0,(anonymous_459)
FNDA:0,(anonymous_460)
FNDA:0,(anonymous_461)
FNDA:0,(anonymous_462)
FNDA:0,(anonymous_463)
FNDA:0,(anonymous_464)
FNDA:0,(anonymous_465)
FNDA:0,(anonymous_466)
FNDA:0,(anonymous_467)
FNDA:0,(anonymous_468)
FNDA:0,(anonymous_469)
FNDA:0,(anonymous_470)
FNDA:0,(anonymous_471)
FNDA:0,(anonymous_472)
FNDA:0,(anonymous_473)
FNDA:0,(anonymous_474)
FNDA:0,(anonymous_475)
FNDA:0,(anonymous_476)
FNDA:0,(anonymous_477)
FNDA:0,(anonymous_478)
FNDA:0,(anonymous_479)
FNDA:0,(anonymous_480)
FNDA:0,(anonymous_481)
FNDA:0,(anonymous_482)
FNDA:0,(anonymous_483)
FNDA:0,(anonymous_484)
FNDA:0,(anonymous_485)
FNDA:0,(anonymous_486)
FNDA:0,(anonymous_487)
FNDA:0,(anonymous_488)
FNDA:0,(anonymous_489)
FNDA:0,(anonymous_490)
FNDA:0,(anonymous_491)
FNDA:0,(anonymous_492)
FNDA:0,(anonymous_493)
FNDA:0,(anonymous_494)
FNDA:0,(anonymous_495)
FNDA:0,(anonymous_496)
FNDA:0,(anonymous_497)
FNDA:0,(anonymous_498)
FNDA:0,(anonymous_499)
FNDA:0,(anonymous_500)
FNDA:0,(anonymous_501)
FNDA:0,(anonymous_502)
FNDA:0,(anonymous_503)
FNDA:0,(anonymous_504)
FNDA:0,(anonymous_505)
FNDA:0,(anonymous_506)
FNDA:0,(anonymous_507)
FNDA:0,(anonymous_508)
FNDA:0,(anonymous_509)
FNDA:0,(anonymous_510)
FNDA:0,(anonymous_511)
FNDA:0,(anonymous_512)
FNDA:0,(anonymous_513)
FNDA:0,(anonymous_514)
FNDA:0,(anonymous_515)
FNDA:0,(anonymous_516)
FNDA:0,(anonymous_517)
FNDA:0,(anonymous_518)
FNDA:0,(anonymous_519)
FNDA:0,(anonymous_520)
FNDA:0,(anonymous_521)
FNDA:0,(anonymous_522)
FNDA:0,(anonymous_523)
FNDA:0,(anonymous_524)
FNDA:0,(anonymous_525)
FNDA:0,(anonymous_526)
FNDA:0,(anonymous_527)
FNDA:0,(anonymous_528)
FNDA:0,(anonymous_529)
FNDA:0,(anonymous_530)
FNDA:0,(anonymous_531)
FNDA:0,(anonymous_532)
FNDA:0,(anonymous_533)
FNDA:0,(anonymous_534)
FNDA:0,(anonymous_535)
DA:6,0
LF:1
LH:0
BRDA:6,0,0,0
BRDA:6,0,1,0
BRDA:6,1,0,0
BRDA:6,1,1,0
BRDA:6,2,0,0
BRDA:6,2,1,0
BRDA:6,3,0,0
BRDA:6,3,1,0
BRDA:6,4,0,0
BRDA:6,4,1,0
BRDA:6,5,0,0
BRDA:6,5,1,0
BRDA:6,6,0,0
BRDA:6,6,1,0
BRDA:6,7,0,0
BRDA:6,7,1,0
BRDA:6,8,0,0
BRDA:6,8,1,0
BRDA:6,9,0,0
BRDA:6,9,1,0
BRDA:6,9,2,0
BRDA:6,10,0,0
BRDA:6,10,1,0
BRDA:6,10,2,0
BRDA:6,11,0,0
BRDA:6,11,1,0
BRDA:6,12,0,0
BRDA:6,12,1,0
BRDA:6,13,0,0
BRDA:6,13,1,0
BRDA:6,14,0,0
BRDA:6,14,1,0
BRDA:6,15,0,0
BRDA:6,15,1,0
BRDA:6,16,0,0
BRDA:6,16,1,0
BRDA:6,17,0,0
BRDA:6,17,1,0
BRDA:6,18,0,0
BRDA:6,18,1,0
BRDA:6,19,0,0
BRDA:6,19,1,0
BRDA:6,20,0,0
BRDA:6,20,1,0
BRDA:6,21,0,0
BRDA:6,21,1,0
BRDA:6,22,0,0
BRDA:6,22,1,0
BRDA:6,23,0,0
BRDA:6,23,1,0
BRDA:6,24,0,0
BRDA:6,24,1,0
BRDA:6,25,0,0
BRDA:6,25,1,0
BRDA:6,26,0,0
BRDA:6,26,1,0
BRDA:6,27,0,0
BRDA:6,27,1,0
BRDA:6,28,0,0
BRDA:6,28,1,0
BRDA:6,29,0,0
BRDA:6,29,1,0
BRDA:6,29,2,0
BRDA:6,29,3,0
BRDA:6,30,0,0
BRDA:6,30,1,0
BRDA:6,31,0,0
BRDA:6,31,1,0
BRDA:6,32,0,0
BRDA:6,32,1,0
BRDA:6,33,0,0
BRDA:6,33,1,0
BRDA:6,34,0,0
BRDA:6,34,1,0
BRDA:6,35,0,0
BRDA:6,35,1,0
BRDA:6,36,0,0
BRDA:6,36,1,0
BRDA:6,37,0,0
BRDA:6,37,1,0
BRDA:6,38,0,0
BRDA:6,38,1,0
BRDA:6,39,0,0
BRDA:6,39,1,0
BRDA:6,40,0,0
BRDA:6,40,1,0
BRDA:6,41,0,0
BRDA:6,41,1,0
BRDA:6,42,0,0
BRDA:6,42,1,0
BRDA:6,43,0,0
BRDA:6,44,0,0
BRDA:6,44,1,0
BRDA:6,45,0,0
BRDA:6,45,1,0
BRDA:6,46,0,0
BRDA:6,46,1,0
BRDA:6,47,0,0
BRDA:6,47,1,0
BRDA:6,48,0,0
BRDA:6,48,1,0
BRDA:6,49,0,0
BRDA:6,49,1,0
BRDA:6,50,0,0
BRDA:6,50,1,0
BRDA:6,51,0,0
BRDA:6,51,1,0
BRDA:6,52,0,0
BRDA:6,52,1,0
BRDA:6,53,0,0
BRDA:6,53,1,0
BRDA:6,54,0,0
BRDA:6,54,1,0
BRDA:6,55,0,0
BRDA:6,55,1,0
BRDA:6,55,2,0
BRDA:6,55,3,0
BRDA:6,56,0,0
BRDA:6,56,1,0
BRDA:6,57,0,0
BRDA:6,58,0,0
BRDA:6,58,1,0
BRDA:6,59,0,0
BRDA:6,59,1,0
BRDA:6,60,0,0
BRDA:6,60,1,0
BRDA:6,61,0,0
BRDA:6,61,1,0
BRDA:6,62,0,0
BRDA:6,62,1,0
BRDA:6,63,0,0
BRDA:6,63,1,0
BRDA:6,64,0,0
BRDA:6,64,1,0
BRDA:6,65,0,0
BRDA:6,65,1,0
BRDA:6,66,0,0
BRDA:6,66,1,0
BRDA:6,67,0,0
BRDA:6,67,1,0
BRDA:6,67,2,0
BRDA:6,68,0,0
BRDA:6,68,1,0
BRDA:6,69,0,0
BRDA:6,69,1,0
BRDA:6,70,0,0
BRDA:6,70,1,0
BRDA:6,71,0,0
BRDA:6,71,1,0
BRDA:6,72,0,0
BRDA:6,72,1,0
BRDA:6,73,0,0
BRDA:6,73,1,0
BRDA:6,74,0,0
BRDA:6,74,1,0
BRDA:6,75,0,0
BRDA:6,75,1,0
BRDA:6,76,0,0
BRDA:6,76,1,0
BRDA:6,77,0,0
BRDA:6,77,1,0
BRDA:6,78,0,0
BRDA:6,78,1,0
BRDA:6,79,0,0
BRDA:6,79,1,0
BRDA:6,80,0,0
BRDA:6,80,1,0
BRDA:6,81,0,0
BRDA:6,81,1,0
BRDA:6,82,0,0
BRDA:6,82,1,0
BRDA:6,83,0,0
BRDA:6,83,1,0
BRDA:6,84,0,0
BRDA:6,84,1,0
BRDA:6,85,0,0
BRDA:6,85,1,0
BRDA:6,86,0,0
BRDA:6,86,1,0
BRDA:6,87,0,0
BRDA:6,87,1,0
BRDA:6,88,0,0
BRDA:6,88,1,0
BRDA:6,89,0,0
BRDA:6,89,1,0
BRDA:6,90,0,0
BRDA:6,90,1,0
BRDA:6,91,0,0
BRDA:6,91,1,0
BRDA:6,92,0,0
BRDA:6,92,1,0
BRDA:6,93,0,0
BRDA:6,93,1,0
BRDA:6,94,0,0
BRDA:6,94,1,0
BRDA:6,95,0,0
BRDA:6,95,1,0
BRDA:6,95,2,0
BRDA:6,96,0,0
BRDA:6,96,1,0
BRDA:6,97,0,0
BRDA:6,97,1,0
BRDA:6,98,0,0
BRDA:6,98,1,0
BRDA:6,99,0,0
BRDA:6,99,1,0
BRDA:6,100,0,0
BRDA:6,100,1,0
BRDA:6,100,2,0
BRDA:6,101,0,0
BRDA:6,101,1,0
BRDA:6,102,0,0
BRDA:6,102,1,0
BRDA:6,103,0,0
BRDA:6,103,1,0
BRDA:6,104,0,0
BRDA:6,104,1,0
BRDA:6,104,2,0
BRDA:6,105,0,0
BRDA:6,105,1,0
BRDA:6,106,0,0
BRDA:6,106,1,0
BRDA:6,107,0,0
BRDA:6,107,1,0
BRDA:6,108,0,0
BRDA:6,109,0,0
BRDA:6,110,0,0
BRDA:6,110,1,0
BRDA:6,111,0,0
BRDA:6,111,1,0
BRDA:6,112,0,0
BRDA:6,113,0,0
BRDA:6,113,1,0
BRDA:6,114,0,0
BRDA:6,114,1,0
BRDA:6,115,0,0
BRDA:6,115,1,0
BRDA:6,116,0,0
BRDA:6,116,1,0
BRDA:6,117,0,0
BRDA:6,117,1,0
BRDA:6,118,0,0
BRDA:6,118,1,0
BRDA:6,119,0,0
BRDA:6,119,1,0
BRDA:6,119,2,0
BRDA:6,120,0,0
BRDA:6,120,1,0
BRDA:6,121,0,0
BRDA:6,121,1,0
BRDA:6,121,2,0
BRDA:6,122,0,0
BRDA:6,122,1,0
BRDA:6,123,0,0
BRDA:6,123,1,0
BRDA:6,124,0,0
BRDA:6,124,1,0
BRDA:6,125,0,0
BRDA:6,125,1,0
BRDA:6,126,0,0
BRDA:6,127,0,0
BRDA:6,128,0,0
BRDA:6,128,1,0
BRDA:6,128,2,0
BRDA:6,129,0,0
BRDA:6,129,1,0
BRDA:6,130,0,0
BRDA:6,130,1,0
BRDA:6,131,0,0
BRDA:6,131,1,0
BRDA:6,132,0,0
BRDA:6,132,1,0
BRDA:6,133,0,0
BRDA:6,133,1,0
BRDA:6,134,0,0
BRDA:6,134,1,0
BRDA:6,134,2,0
BRDA:6,135,0,0
BRDA:6,135,1,0
BRDA:6,136,0,0
BRDA:6,136,1,0
BRDA:6,137,0,0
BRDA:6,137,1,0
BRDA:6,138,0,0
BRDA:6,138,1,0
BRDA:6,139,0,0
BRDA:6,139,1,0
BRDA:6,139,2,0
BRDA:6,139,3,0
BRDA:6,140,0,0
BRDA:6,140,1,0
BRDA:6,141,0,0
BRDA:6,141,1,0
BRDA:6,142,0,0
BRDA:6,142,1,0
BRDA:6,143,0,0
BRDA:6,143,1,0
BRDA:6,144,0,0
BRDA:6,144,1,0
BRDA:6,145,0,0
BRDA:6,145,1,0
BRDA:6,146,0,0
BRDA:6,146,1,0
BRDA:6,147,0,0
BRDA:6,147,1,0
BRDA:6,148,0,0
BRDA:6,148,1,0
BRDA:6,149,0,0
BRDA:6,149,1,0
BRDA:6,150,0,0
BRDA:6,150,1,0
BRDA:6,151,0,0
BRDA:6,151,1,0
BRDA:6,152,0,0
BRDA:6,152,1,0
BRDA:6,152,2,0
BRDA:6,153,0,0
BRDA:6,153,1,0
BRDA:6,153,2,0
BRDA:6,154,0,0
BRDA:6,154,1,0
BRDA:6,155,0,0
BRDA:6,155,1,0
BRDA:6,156,0,0
BRDA:6,156,1,0
BRDA:6,157,0,0
BRDA:6,157,1,0
BRDA:6,158,0,0
BRDA:6,158,1,0
BRDA:6,159,0,0
BRDA:6,159,1,0
BRDA:6,160,0,0
BRDA:6,160,1,0
BRDA:6,161,0,0
BRDA:6,161,1,0
BRDA:6,162,0,0
BRDA:6,162,1,0
BRDA:6,163,0,0
BRDA:6,163,1,0
BRDA:6,164,0,0
BRDA:6,164,1,0
BRDA:6,165,0,0
BRDA:6,165,1,0
BRDA:6,166,0,0
BRDA:6,166,1,0
BRDA:6,167,0,0
BRDA:6,167,1,0
BRDA:6,168,0,0
BRDA:6,168,1,0
BRDA:6,169,0,0
BRDA:6,169,1,0
BRDA:6,170,0,0
BRDA:6,170,1,0
BRDA:6,171,0,0
BRDA:6,171,1,0
BRDA:6,172,0,0
BRDA:6,172,1,0
BRDA:6,173,0,0
BRDA:6,173,1,0
BRDA:6,174,0,0
BRDA:6,174,1,0
BRDA:6,175,0,0
BRDA:6,175,1,0
BRDA:6,176,0,0
BRDA:6,176,1,0
BRDA:6,177,0,0
BRDA:6,177,1,0
BRDA:6,178,0,0
BRDA:6,178,1,0
BRDA:6,179,0,0
BRDA:6,179,1,0
BRDA:6,180,0,0
BRDA:6,180,1,0
BRDA:6,181,0,0
BRDA:6,181,1,0
BRDA:6,182,0,0
BRDA:6,182,1,0
BRDA:6,183,0,0
BRDA:6,183,1,0
BRDA:6,184,0,0
BRDA:6,184,1,0
BRDA:6,185,0,0
BRDA:6,185,1,0
BRDA:6,186,0,0
BRDA:6,186,1,0
BRDA:6,187,0,0
BRDA:6,187,1,0
BRDA:6,188,0,0
BRDA:6,188,1,0
BRDA:6,189,0,0
BRDA:6,189,1,0
BRDA:6,190,0,0
BRDA:6,190,1,0
BRDA:6,191,0,0
BRDA:6,191,1,0
BRDA:6,192,0,0
BRDA:6,192,1,0
BRDA:6,193,0,0
BRDA:6,193,1,0
BRDA:6,194,0,0
BRDA:6,194,1,0
BRDA:6,195,0,0
BRDA:6,195,1,0
BRDA:6,196,0,0
BRDA:6,196,1,0
BRDA:6,197,0,0
BRDA:6,197,1,0
BRDA:6,198,0,0
BRDA:6,198,1,0
BRDA:6,198,2,0
BRDA:6,199,0,0
BRDA:6,199,1,0
BRDA:6,200,0,0
BRDA:6,200,1,0
BRDA:6,201,0,0
BRDA:6,201,1,0
BRDA:6,202,0,0
BRDA:6,202,1,0
BRDA:6,203,0,0
BRDA:6,203,1,0
BRDA:6,203,2,0
BRDA:6,204,0,0
BRDA:6,204,1,0
BRDA:6,205,0,0
BRDA:6,205,1,0
BRDA:6,206,0,0
BRDA:6,206,1,0
BRDA:6,207,0,0
BRDA:6,207,1,0
BRDA:6,208,0,0
BRDA:6,208,1,0
BRDA:6,209,0,0
BRDA:6,209,1,0
BRDA:6,210,0,0
BRDA:6,210,1,0
BRDA:6,211,0,0
BRDA:6,211,1,0
BRDA:6,212,0,0
BRDA:6,212,1,0
BRDA:6,213,0,0
BRDA:6,213,1,0
BRDA:6,214,0,0
BRDA:6,214,1,0
BRDA:6,215,0,0
BRDA:6,215,1,0
BRDA:6,216,0,0
BRDA:6,216,1,0
BRDA:6,217,0,0
BRDA:6,217,1,0
BRDA:6,218,0,0
BRDA:6,218,1,0
BRDA:6,219,0,0
BRDA:6,219,1,0
BRDA:6,220,0,0
BRDA:6,220,1,0
BRDA:6,220,2,0
BRDA:6,221,0,0
BRDA:6,222,0,0
BRDA:6,222,1,0
BRDA:6,223,0,0
BRDA:6,223,1,0
BRDA:6,224,0,0
BRDA:6,224,1,0
BRDA:6,225,0,0
BRDA:6,225,1,0
BRDA:6,226,0,0
BRDA:6,226,1,0
BRDA:6,227,0,0
BRDA:6,227,1,0
BRDA:6,227,2,0
BRDA:6,228,0,0
BRDA:6,228,1,0
BRDA:6,229,0,0
BRDA:6,229,1,0
BRDA:6,230,0,0
BRDA:6,230,1,0
BRDA:6,230,2,0
BRDA:6,230,3,0
BRDA:6,231,0,0
BRDA:6,231,1,0
BRDA:6,232,0,0
BRDA:6,232,1,0
BRDA:6,233,0,0
BRDA:6,233,1,0
BRDA:6,234,0,0
BRDA:6,234,1,0
BRDA:6,235,0,0
BRDA:6,235,1,0
BRDA:6,235,2,0
BRDA:6,236,0,0
BRDA:6,236,1,0
BRDA:6,237,0,0
BRDA:6,237,1,0
BRDA:6,238,0,0
BRDA:6,238,1,0
BRDA:6,238,2,0
BRDA:6,239,0,0
BRDA:6,239,1,0
BRDA:6,240,0,0
BRDA:6,240,1,0
BRDA:6,241,0,0
BRDA:6,241,1,0
BRDA:6,241,2,0
BRDA:6,242,0,0
BRDA:6,242,1,0
BRDA:6,243,0,0
BRDA:6,243,1,0
BRDA:6,244,0,0
BRDA:6,244,1,0
BRDA:6,245,0,0
BRDA:6,245,1,0
BRDA:6,246,0,0
BRDA:6,246,1,0
BRDA:6,247,0,0
BRDA:6,247,1,0
BRDA:6,247,2,0
BRDA:6,248,0,0
BRDA:6,248,1,0
BRDA:6,249,0,0
BRDA:6,249,1,0
BRDA:6,250,0,0
BRDA:6,250,1,0
BRDA:6,251,0,0
BRDA:6,251,1,0
BRDA:6,252,0,0
BRDA:6,252,1,0
BRDA:6,253,0,0
BRDA:6,253,1,0
BRDA:6,254,0,0
BRDA:6,254,1,0
BRDA:6,255,0,0
BRDA:6,255,1,0
BRDA:6,256,0,0
BRDA:6,256,1,0
BRDA:6,257,0,0
BRDA:6,257,1,0
BRDA:6,258,0,0
BRDA:6,258,1,0
BRDA:6,259,0,0
BRDA:6,259,1,0
BRDA:6,260,0,0
BRDA:6,260,1,0
BRDA:6,260,2,0
BRDA:6,260,3,0
BRDA:6,261,0,0
BRDA:6,261,1,0
BRDA:6,262,0,0
BRDA:6,262,1,0
BRDA:6,263,0,0
BRDA:6,263,1,0
BRDA:6,264,0,0
BRDA:6,264,1,0
BRDA:6,264,2,0
BRDA:6,265,0,0
BRDA:6,265,1,0
BRDA:6,266,0,0
BRDA:6,266,1,0
BRDA:6,266,2,0
BRDA:6,266,3,0
BRDA:6,267,0,0
BRDA:6,267,1,0
BRDA:6,267,2,0
BRDA:6,268,0,0
BRDA:6,268,1,0
BRDA:6,269,0,0
BRDA:6,269,1,0
BRDA:6,269,2,0
BRDA:6,270,0,0
BRDA:6,270,1,0
BRDA:6,271,0,0
BRDA:6,271,1,0
BRDA:6,272,0,0
BRDA:6,272,1,0
BRDA:6,272,2,0
BRDA:6,272,3,0
BRDA:6,272,4,0
BRDA:6,272,5,0
BRDA:6,272,6,0
BRDA:6,272,7,0
BRDA:6,272,8,0
BRDA:6,273,0,0
BRDA:6,273,1,0
BRDA:6,274,0,0
BRDA:6,274,1,0
BRDA:6,275,0,0
BRDA:6,275,1,0
BRDA:6,276,0,0
BRDA:6,276,1,0
BRDA:6,277,0,0
BRDA:6,277,1,0
BRDA:6,278,0,0
BRDA:6,278,1,0
BRDA:6,279,0,0
BRDA:6,279,1,0
BRDA:6,280,0,0
BRDA:6,280,1,0
BRDA:6,281,0,0
BRDA:6,281,1,0
BRDA:6,282,0,0
BRDA:6,282,1,0
BRDA:6,283,0,0
BRDA:6,283,1,0
BRDA:6,284,0,0
BRDA:6,284,1,0
BRDA:6,285,0,0
BRDA:6,285,1,0
BRDA:6,286,0,0
BRDA:6,286,1,0
BRDA:6,286,2,0
BRDA:6,286,3,0
BRDA:6,286,4,0
BRDA:6,287,0,0
BRDA:6,287,1,0
BRDA:6,288,0,0
BRDA:6,288,1,0
BRDA:6,289,0,0
BRDA:6,289,1,0
BRDA:6,290,0,0
BRDA:6,290,1,0
BRDA:6,291,0,0
BRDA:6,291,1,0
BRDA:6,292,0,0
BRDA:6,292,1,0
BRDA:6,293,0,0
BRDA:6,293,1,0
BRDA:6,294,0,0
BRDA:6,294,1,0
BRDA:6,295,0,0
BRDA:6,295,1,0
BRDA:6,295,2,0
BRDA:6,295,3,0
BRDA:6,296,0,0
BRDA:6,296,1,0
BRDA:6,296,2,0
BRDA:6,296,3,0
BRDA:6,296,4,0
BRDA:6,297,0,0
BRDA:6,297,1,0
BRDA:6,298,0,0
BRDA:6,298,1,0
BRDA:6,298,2,0
BRDA:6,298,3,0
BRDA:6,298,4,0
BRDA:6,299,0,0
BRDA:6,299,1,0
BRDA:6,300,0,0
BRDA:6,300,1,0
BRDA:6,301,0,0
BRDA:6,301,1,0
BRDA:6,302,0,0
BRDA:6,302,1,0
BRDA:6,303,0,0
BRDA:6,303,1,0
BRDA:6,304,0,0
BRDA:6,304,1,0
BRDA:6,305,0,0
BRDA:6,305,1,0
BRDA:6,306,0,0
BRDA:6,306,1,0
BRDA:6,307,0,0
BRDA:6,307,1,0
BRDA:6,308,0,0
BRDA:6,308,1,0
BRDA:6,309,0,0
BRDA:6,309,1,0
BRDA:6,310,0,0
BRDA:6,310,1,0
BRDA:6,311,0,0
BRDA:6,311,1,0
BRDA:6,312,0,0
BRDA:6,312,1,0
BRDA:6,313,0,0
BRDA:6,313,1,0
BRDA:6,314,0,0
BRDA:6,314,1,0
BRDA:6,315,0,0
BRDA:6,315,1,0
BRDA:6,316,0,0
BRDA:6,316,1,0
BRDA:6,317,0,0
BRDA:6,317,1,0
BRDA:6,318,0,0
BRDA:6,318,1,0
BRDA:6,319,0,0
BRDA:6,319,1,0
BRDA:6,320,0,0
BRDA:6,320,1,0
BRDA:6,321,0,0
BRDA:6,321,1,0
BRDA:6,322,0,0
BRDA:6,322,1,0
BRDA:6,323,0,0
BRDA:6,323,1,0
BRDA:6,324,0,0
BRDA:6,324,1,0
BRDA:6,325,0,0
BRDA:6,325,1,0
BRDA:6,326,0,0
BRDA:6,326,1,0
BRDA:6,327,0,0
BRDA:6,327,1,0
BRDA:6,328,0,0
BRDA:6,328,1,0
BRDA:6,329,0,0
BRDA:6,329,1,0
BRDA:6,330,0,0
BRDA:6,330,1,0
BRDA:6,331,0,0
BRDA:6,331,1,0
BRDA:6,332,0,0
BRDA:6,332,1,0
BRDA:6,333,0,0
BRDA:6,333,1,0
BRDA:6,334,0,0
BRDA:6,334,1,0
BRDA:6,335,0,0
BRDA:6,335,1,0
BRDA:6,336,0,0
BRDA:6,336,1,0
BRDA:6,337,0,0
BRDA:6,337,1,0
BRDA:6,338,0,0
BRDA:6,338,1,0
BRDA:6,339,0,0
BRDA:6,339,1,0
BRDA:6,340,0,0
BRDA:6,340,1,0
BRDA:6,341,0,0
BRDA:6,341,1,0
BRDA:6,342,0,0
BRDA:6,342,1,0
BRDA:6,342,2,0
BRDA:6,342,3,0
BRDA:6,342,4,0
BRDA:6,343,0,0
BRDA:6,343,1,0
BRDA:6,344,0,0
BRDA:6,344,1,0
BRDA:6,345,0,0
BRDA:6,345,1,0
BRDA:6,346,0,0
BRDA:6,346,1,0
BRDA:6,347,0,0
BRDA:6,347,1,0
BRDA:6,348,0,0
BRDA:6,348,1,0
BRDA:6,349,0,0
BRDA:6,349,1,0
BRDA:6,350,0,0
BRDA:6,350,1,0
BRDA:6,351,0,0
BRDA:6,351,1,0
BRDA:6,352,0,0
BRDA:6,352,1,0
BRDA:6,353,0,0
BRDA:6,353,1,0
BRDA:6,354,0,0
BRDA:6,354,1,0
BRDA:6,355,0,0
BRDA:6,355,1,0
BRDA:6,356,0,0
BRDA:6,356,1,0
BRDA:6,357,0,0
BRDA:6,357,1,0
BRDA:6,358,0,0
BRDA:6,358,1,0
BRDA:6,359,0,0
BRDA:6,359,1,0
BRDA:6,360,0,0
BRDA:6,360,1,0
BRDA:6,361,0,0
BRDA:6,361,1,0
BRDA:6,361,2,0
BRDA:6,362,0,0
BRDA:6,362,1,0
BRDA:6,363,0,0
BRDA:6,363,1,0
BRDA:6,364,0,0
BRDA:6,364,1,0
BRDA:6,365,0,0
BRDA:6,365,1,0
BRDA:6,366,0,0
BRDA:6,366,1,0
BRDA:6,367,0,0
BRDA:6,367,1,0
BRDA:6,368,0,0
BRDA:6,368,1,0
BRDA:6,369,0,0
BRDA:6,369,1,0
BRDA:6,370,0,0
BRDA:6,370,1,0
BRDA:6,371,0,0
BRDA:6,371,1,0
BRDA:6,372,0,0
BRDA:6,372,1,0
BRDA:6,373,0,0
BRDA:6,373,1,0
BRDA:6,374,0,0
BRDA:6,374,1,0
BRDA:6,375,0,0
BRDA:6,375,1,0
BRDA:6,376,0,0
BRDA:6,376,1,0
BRDA:6,377,0,0
BRDA:6,377,1,0
BRDA:6,378,0,0
BRDA:6,378,1,0
BRDA:6,379,0,0
BRDA:6,379,1,0
BRDA:6,380,0,0
BRDA:6,380,1,0
BRDA:6,381,0,0
BRDA:6,381,1,0
BRDA:6,382,0,0
BRDA:6,382,1,0
BRDA:6,383,0,0
BRDA:6,383,1,0
BRDA:6,384,0,0
BRDA:6,384,1,0
BRDA:6,385,0,0
BRDA:6,385,1,0
BRDA:6,386,0,0
BRDA:6,386,1,0
BRDA:6,387,0,0
BRDA:6,387,1,0
BRDA:6,388,0,0
BRDA:6,388,1,0
BRDA:6,389,0,0
BRDA:6,389,1,0
BRDA:6,390,0,0
BRDA:6,390,1,0
BRDA:6,391,0,0
BRDA:6,391,1,0
BRDA:6,392,0,0
BRDA:6,392,1,0
BRDA:6,393,0,0
BRDA:6,393,1,0
BRDA:6,394,0,0
BRDA:6,394,1,0
BRDA:6,395,0,0
BRDA:6,395,1,0
BRDA:6,396,0,0
BRDA:6,396,1,0
BRDA:6,397,0,0
BRDA:6,397,1,0
BRDA:6,398,0,0
BRDA:6,398,1,0
BRDA:6,399,0,0
BRDA:6,399,1,0
BRDA:6,400,0,0
BRDA:6,400,1,0
BRDA:6,401,0,0
BRDA:6,401,1,0
BRDA:6,402,0,0
BRDA:6,402,1,0
BRDA:6,403,0,0
BRDA:6,403,1,0
BRDA:6,404,0,0
BRDA:6,404,1,0
BRDA:6,405,0,0
BRDA:6,405,1,0
BRDA:6,406,0,0
BRDA:6,406,1,0
BRDA:6,407,0,0
BRDA:6,407,1,0
BRDA:6,408,0,0
BRDA:6,408,1,0
BRDA:6,409,0,0
BRDA:6,409,1,0
BRDA:6,410,0,0
BRDA:6,410,1,0
BRDA:6,411,0,0
BRDA:6,411,1,0
BRDA:6,412,0,0
BRDA:6,412,1,0
BRDA:6,413,0,0
BRDA:6,413,1,0
BRDA:6,414,0,0
BRDA:6,414,1,0
BRDA:6,415,0,0
BRDA:6,415,1,0
BRDA:6,416,0,0
BRDA:6,416,1,0
BRDA:6,417,0,0
BRDA:6,417,1,0
BRDA:6,418,0,0
BRDA:6,418,1,0
BRDA:6,419,0,0
BRDA:6,419,1,0
BRDA:6,420,0,0
BRDA:6,420,1,0
BRDA:6,421,0,0
BRDA:6,421,1,0
BRDA:6,422,0,0
BRDA:6,422,1,0
BRDA:6,423,0,0
BRDA:6,423,1,0
BRDA:6,424,0,0
BRDA:6,424,1,0
BRDA:6,425,0,0
BRDA:6,425,1,0
BRDA:6,426,0,0
BRDA:6,426,1,0
BRDA:6,427,0,0
BRDA:6,427,1,0
BRDA:6,428,0,0
BRDA:6,428,1,0
BRDA:6,429,0,0
BRDA:6,429,1,0
BRDA:6,430,0,0
BRDA:6,430,1,0
BRDA:6,431,0,0
BRDA:6,431,1,0
BRDA:6,432,0,0
BRDA:6,432,1,0
BRDA:6,433,0,0
BRDA:6,433,1,0
BRDA:6,434,0,0
BRDA:6,434,1,0
BRDA:6,435,0,0
BRDA:6,435,1,0
BRDA:6,436,0,0
BRDA:6,436,1,0
BRDA:6,437,0,0
BRDA:6,437,1,0
BRDA:6,438,0,0
BRDA:6,438,1,0
BRDA:6,439,0,0
BRDA:6,439,1,0
BRDA:6,440,0,0
BRDA:6,440,1,0
BRDA:6,441,0,0
BRDA:6,441,1,0
BRDA:6,441,2,0
BRDA:6,441,3,0
BRDA:6,442,0,0
BRDA:6,442,1,0
BRDA:6,442,2,0
BRDA:6,443,0,0
BRDA:6,443,1,0
BRDA:6,444,0,0
BRDA:6,444,1,0
BRDA:6,445,0,0
BRDA:6,445,1,0
BRDA:6,446,0,0
BRDA:6,446,1,0
BRDA:6,447,0,0
BRDA:6,447,1,0
BRDA:6,448,0,0
BRDA:6,448,1,0
BRDA:6,449,0,0
BRDA:6,449,1,0
BRDA:6,450,0,0
BRDA:6,450,1,0
BRDA:6,451,0,0
BRDA:6,451,1,0
BRDA:6,452,0,0
BRDA:6,452,1,0
BRDA:6,453,0,0
BRDA:6,453,1,0
BRDA:6,454,0,0
BRDA:6,454,1,0
BRDA:6,455,0,0
BRDA:6,455,1,0
BRDA:6,456,0,0
BRDA:6,456,1,0
BRDA:6,457,0,0
BRDA:6,457,1,0
BRDA:6,458,0,0
BRDA:6,458,1,0
BRDA:6,459,0,0
BRDA:6,459,1,0
BRDA:6,460,0,0
BRDA:6,460,1,0
BRDA:6,461,0,0
BRDA:6,461,1,0
BRDA:6,462,0,0
BRDA:6,462,1,0
BRDA:6,463,0,0
BRDA:6,463,1,0
BRDA:6,464,0,0
BRDA:6,464,1,0
BRDA:6,465,0,0
BRDA:6,465,1,0
BRDA:6,466,0,0
BRDA:6,466,1,0
BRDA:6,467,0,0
BRDA:6,467,1,0
BRDA:6,468,0,0
BRDA:6,468,1,0
BRDA:6,469,0,0
BRDA:6,469,1,0
BRDA:6,470,0,0
BRDA:6,470,1,0
BRDA:6,471,0,0
BRDA:6,471,1,0
BRDA:6,472,0,0
BRDA:6,472,1,0
BRDA:6,472,2,0
BRDA:6,473,0,0
BRDA:6,473,1,0
BRDA:6,474,0,0
BRDA:6,474,1,0
BRDA:6,475,0,0
BRDA:6,475,1,0
BRDA:6,476,0,0
BRDA:6,476,1,0
BRDA:6,477,0,0
BRDA:6,477,1,0
BRDA:6,478,0,0
BRDA:6,478,1,0
BRDA:6,479,0,0
BRDA:6,479,1,0
BRDA:6,480,0,0
BRDA:6,480,1,0
BRDA:6,481,0,0
BRDA:6,481,1,0
BRDA:6,482,0,0
BRDA:6,482,1,0
BRDA:6,483,0,0
BRDA:6,483,1,0
BRDA:6,484,0,0
BRDA:6,484,1,0
BRDA:6,484,2,0
BRDA:6,485,0,0
BRDA:6,485,1,0
BRDA:6,486,0,0
BRDA:6,486,1,0
BRDA:6,487,0,0
BRDA:6,487,1,0
BRDA:6,488,0,0
BRDA:6,488,1,0
BRDA:6,489,0,0
BRDA:6,489,1,0
BRDA:6,490,0,0
BRDA:6,490,1,0
BRDA:6,491,0,0
BRDA:6,491,1,0
BRDA:6,492,0,0
BRDA:6,492,1,0
BRDA:6,493,0,0
BRDA:6,493,1,0
BRDA:6,493,2,0
BRDA:6,494,0,0
BRDA:6,494,1,0
BRDA:6,495,0,0
BRDA:6,495,1,0
BRDA:6,496,0,0
BRDA:6,496,1,0
BRDA:6,497,0,0
BRDA:6,497,1,0
BRDA:6,498,0,0
BRDA:6,498,1,0
BRDA:6,499,0,0
BRDA:6,499,1,0
BRDA:6,500,0,0
BRDA:6,501,0,0
BRDA:6,501,1,0
BRDA:6,502,0,0
BRDA:6,502,1,0
BRDA:6,503,0,0
BRDA:6,503,1,0
BRDA:6,504,0,0
BRDA:6,504,1,0
BRDA:6,505,0,0
BRDA:6,505,1,0
BRDA:6,506,0,0
BRDA:6,506,1,0
BRDA:6,507,0,0
BRDA:6,507,1,0
BRDA:6,508,0,0
BRDA:6,508,1,0
BRDA:6,509,0,0
BRDA:6,509,1,0
BRDA:6,510,0,0
BRDA:6,510,1,0
BRDA:6,511,0,0
BRDA:6,511,1,0
BRDA:6,512,0,0
BRDA:6,512,1,0
BRDA:6,513,0,0
BRDA:6,513,1,0
BRDA:6,514,0,0
BRDA:6,514,1,0
BRDA:6,514,2,0
BRDA:6,514,3,0
BRDA:6,515,0,0
BRDA:6,515,1,0
BRDA:6,516,0,0
BRDA:6,516,1,0
BRDA:6,517,0,0
BRDA:6,517,1,0
BRDA:6,518,0,0
BRDA:6,518,1,0
BRDA:6,519,0,0
BRDA:6,519,1,0
BRDA:6,520,0,0
BRDA:6,520,1,0
BRDA:6,520,2,0
BRDA:6,520,3,0
BRDA:6,520,4,0
BRDA:6,521,0,0
BRDA:6,521,1,0
BRDA:6,522,0,0
BRDA:6,522,1,0
BRDA:6,522,2,0
BRDA:6,522,3,0
BRDA:6,523,0,0
BRDA:6,523,1,0
BRDA:6,524,0,0
BRDA:6,524,1,0
BRDA:6,525,0,0
BRDA:6,525,1,0
BRDA:6,526,0,0
BRDA:6,526,1,0
BRDA:6,527,0,0
BRDA:6,527,1,0
BRDA:6,527,2,0
BRDA:6,527,3,0
BRDA:6,527,4,0
BRDA:6,528,0,0
BRDA:6,528,1,0
BRDA:6,529,0,0
BRDA:6,529,1,0
BRDA:6,530,0,0
BRDA:6,530,1,0
BRDA:6,531,0,0
BRDA:6,531,1,0
BRDA:6,532,0,0
BRDA:6,532,1,0
BRDA:6,533,0,0
BRDA:6,533,1,0
BRDA:6,534,0,0
BRDA:6,534,1,0
BRDA:6,535,0,0
BRDA:6,535,1,0
BRDA:6,536,0,0
BRDA:6,536,1,0
BRDA:6,536,2,0
BRDA:6,537,0,0
BRDA:6,537,1,0
BRDA:6,538,0,0
BRDA:6,538,1,0
BRDA:6,539,0,0
BRDA:6,539,1,0
BRDA:6,540,0,0
BRDA:6,540,1,0
BRDA:6,541,0,0
BRDA:6,541,1,0
BRDA:6,542,0,0
BRDA:6,542,1,0
BRDA:6,543,0,0
BRDA:6,543,1,0
BRDA:6,544,0,0
BRDA:6,544,1,0
BRDA:6,545,0,0
BRDA:6,545,1,0
BRDA:6,546,0,0
BRDA:6,546,1,0
BRDA:6,547,0,0
BRDA:6,547,1,0
BRDA:6,548,0,0
BRDA:6,548,1,0
BRDA:6,549,0,0
BRDA:6,549,1,0
BRDA:6,550,0,0
BRDA:6,550,1,0
BRDA:6,551,0,0
BRDA:6,551,1,0
BRDA:6,552,0,0
BRDA:6,552,1,0
BRDA:6,553,0,0
BRDA:6,553,1,0
BRDA:6,554,0,0
BRDA:6,554,1,0
BRDA:6,554,2,0
BRDA:6,555,0,0
BRDA:6,555,1,0
BRDA:6,556,0,0
BRDA:6,556,1,0
BRDA:6,557,0,0
BRDA:6,557,1,0
BRDA:6,558,0,0
BRDA:6,558,1,0
BRDA:6,559,0,0
BRDA:6,559,1,0
BRDA:6,560,0,0
BRDA:6,560,1,0
BRDA:6,561,0,0
BRDA:6,561,1,0
BRDA:6,561,2,0
BRDA:6,561,3,0
BRDA:6,562,0,0
BRDA:6,562,1,0
BRDA:6,563,0,0
BRDA:6,563,1,0
BRDA:6,564,0,0
BRDA:6,564,1,0
BRDA:6,565,0,0
BRDA:6,565,1,0
BRDA:6,566,0,0
BRDA:6,566,1,0
BRDA:6,567,0,0
BRDA:6,567,1,0
BRDA:6,568,0,0
BRDA:6,568,1,0
BRDA:6,569,0,0
BRDA:6,569,1,0
BRDA:6,569,2,0
BRDA:6,570,0,0
BRDA:6,570,1,0
BRDA:6,571,0,0
BRDA:6,571,1,0
BRDA:6,572,0,0
BRDA:6,572,1,0
BRDA:6,573,0,0
BRDA:6,573,1,0
BRDA:6,574,0,0
BRDA:6,574,1,0
BRDA:6,575,0,0
BRDA:6,575,1,0
BRDA:6,576,0,0
BRDA:6,576,1,0
BRDA:6,576,2,0
BRDA:6,577,0,0
BRDA:6,577,1,0
BRDA:6,578,0,0
BRDA:6,578,1,0
BRDA:6,579,0,0
BRDA:6,579,1,0
BRDA:6,580,0,0
BRDA:6,580,1,0
BRDA:6,581,0,0
BRDA:6,581,1,0
BRDA:6,582,0,0
BRDA:6,582,1,0
BRDA:6,583,0,0
BRDA:6,583,1,0
BRDA:6,583,2,0
BRDA:6,583,3,0
BRDA:6,584,0,0
BRDA:6,584,1,0
BRDA:6,585,0,0
BRDA:6,585,1,0
BRDA:6,586,0,0
BRDA:6,586,1,0
BRDA:6,586,2,0
BRDA:6,586,3,0
BRDA:6,586,4,0
BRDA:6,586,5,0
BRDA:6,586,6,0
BRDA:6,587,0,0
BRDA:6,587,1,0
BRDA:6,587,2,0
BRDA:6,587,3,0
BRDA:6,587,4,0
BRDA:6,587,5,0
BRDA:6,587,6,0
BRDA:6,588,0,0
BRDA:6,588,1,0
BRDA:6,589,0,0
BRDA:6,589,1,0
BRDA:6,590,0,0
BRDA:6,590,1,0
BRDA:6,591,0,0
BRDA:6,591,1,0
BRDA:6,592,0,0
BRDA:6,592,1,0
BRDA:6,593,0,0
BRDA:6,593,1,0
BRDA:6,594,0,0
BRDA:6,594,1,0
BRDA:6,595,0,0
BRDA:6,595,1,0
BRDA:6,595,2,0
BRDA:6,596,0,0
BRDA:6,596,1,0
BRDA:6,597,0,0
BRDA:6,597,1,0
BRDA:6,598,0,0
BRDA:6,598,1,0
BRDA:6,598,2,0
BRDA:6,599,0,0
BRDA:6,599,1,0
BRDA:6,600,0,0
BRDA:6,600,1,0
BRDA:6,601,0,0
BRDA:6,601,1,0
BRDA:6,601,2,0
BRDA:6,602,0,0
BRDA:6,602,1,0
BRDA:6,603,0,0
BRDA:6,603,1,0
BRDA:6,604,0,0
BRDA:6,604,1,0
BRDA:6,604,2,0
BRDA:6,605,0,0
BRDA:6,605,1,0
BRDA:6,606,0,0
BRDA:6,606,1,0
BRDA:6,607,0,0
BRDA:6,607,1,0
BRDA:6,608,0,0
BRDA:6,608,1,0
BRDA:6,608,2,0
BRDA:6,609,0,0
BRDA:6,609,1,0
BRDA:6,610,0,0
BRDA:6,610,1,0
BRDA:6,611,0,0
BRDA:6,611,1,0
BRDA:6,612,0,0
BRDA:6,612,1,0
BRDA:6,613,0,0
BRDA:6,613,1,0
BRDA:6,614,0,0
BRDA:6,614,1,0
BRDA:6,615,0,0
BRDA:6,615,1,0
BRDA:6,616,0,0
BRDA:6,616,1,0
BRDA:6,617,0,0
BRDA:6,617,1,0
BRDA:6,618,0,0
BRDA:6,618,1,0
BRDA:6,619,0,0
BRDA:6,619,1,0
BRDA:6,620,0,0
BRDA:6,620,1,0
BRDA:6,621,0,0
BRDA:6,621,1,0
BRDA:6,622,0,0
BRDA:6,622,1,0
BRDA:6,623,0,0
BRDA:6,623,1,0
BRDA:6,624,0,0
BRDA:6,624,1,0
BRDA:6,625,0,0
BRDA:6,625,1,0
BRDA:6,626,0,0
BRDA:6,626,1,0
BRDA:6,627,0,0
BRDA:6,627,1,0
BRDA:6,628,0,0
BRDA:6,628,1,0
BRDA:6,629,0,0
BRDA:6,629,1,0
BRDA:6,630,0,0
BRDA:6,630,1,0
BRDA:6,631,0,0
BRDA:6,631,1,0
BRDA:6,632,0,0
BRDA:6,632,1,0
BRDA:6,633,0,0
BRDA:6,633,1,0
BRDA:6,634,0,0
BRDA:6,634,1,0
BRDA:6,634,2,0
BRDA:6,634,3,0
BRDA:6,635,0,0
BRDA:6,635,1,0
BRDA:6,636,0,0
BRDA:6,636,1,0
BRDA:6,637,0,0
BRDA:6,637,1,0
BRDA:6,638,0,0
BRDA:6,638,1,0
BRDA:6,639,0,0
BRDA:6,639,1,0
BRDA:6,640,0,0
BRDA:6,640,1,0
BRDA:6,641,0,0
BRDA:6,641,1,0
BRDA:6,642,0,0
BRDA:6,642,1,0
BRDA:6,643,0,0
BRDA:6,643,1,0
BRDA:6,644,0,0
BRDA:6,644,1,0
BRDA:6,645,0,0
BRDA:6,645,1,0
BRDA:6,646,0,0
BRDA:6,646,1,0
BRDA:6,647,0,0
BRDA:6,647,1,0
BRDA:6,648,0,0
BRDA:6,648,1,0
BRDA:6,649,0,0
BRDA:6,649,1,0
BRDA:6,650,0,0
BRDA:6,650,1,0
BRDA:6,651,0,0
BRDA:6,651,1,0
BRDA:6,652,0,0
BRDA:6,652,1,0
BRDA:6,653,0,0
BRDA:6,653,1,0
BRDA:6,654,0,0
BRDA:6,654,1,0
BRDA:6,655,0,0
BRDA:6,655,1,0
BRDA:6,656,0,0
BRDA:6,656,1,0
BRDA:6,657,0,0
BRDA:6,657,1,0
BRDA:6,658,0,0
BRDA:6,658,1,0
BRDA:6,659,0,0
BRDA:6,659,1,0
BRDA:6,660,0,0
BRDA:6,660,1,0
BRDA:6,661,0,0
BRDA:6,661,1,0
BRDA:6,662,0,0
BRDA:6,662,1,0
BRDA:6,663,0,0
BRDA:6,663,1,0
BRDA:6,664,0,0
BRDA:6,664,1,0
BRDA:6,665,0,0
BRDA:6,665,1,0
BRDA:6,666,0,0
BRDA:6,666,1,0
BRDA:6,667,0,0
BRDA:6,667,1,0
BRDA:6,668,0,0
BRDA:6,668,1,0
BRDA:6,669,0,0
BRDA:6,669,1,0
BRDA:6,670,0,0
BRDA:6,670,1,0
BRDA:6,671,0,0
BRDA:6,671,1,0
BRDA:6,672,0,0
BRDA:6,672,1,0
BRDA:6,672,2,0
BRDA:6,673,0,0
BRDA:6,673,1,0
BRDA:6,674,0,0
BRDA:6,674,1,0
BRDA:6,674,2,0
BRDA:6,674,3,0
BRDA:6,675,0,0
BRDA:6,675,1,0
BRDA:6,676,0,0
BRDA:6,676,1,0
BRDA:6,677,0,0
BRDA:6,677,1,0
BRDA:6,678,0,0
BRDA:6,678,1,0
BRDA:6,679,0,0
BRDA:6,679,1,0
BRDA:6,680,0,0
BRDA:6,680,1,0
BRDA:6,681,0,0
BRDA:6,681,1,0
BRDA:6,682,0,0
BRDA:6,682,1,0
BRDA:6,683,0,0
BRDA:6,683,1,0
BRDA:6,684,0,0
BRDA:6,684,1,0
BRDA:6,685,0,0
BRDA:6,685,1,0
BRDA:6,686,0,0
BRDA:6,686,1,0
BRDA:6,687,0,0
BRDA:6,687,1,0
BRDA:6,688,0,0
BRDA:6,688,1,0
BRDA:6,689,0,0
BRDA:6,689,1,0
BRDA:6,690,0,0
BRDA:6,690,1,0
BRDA:6,691,0,0
BRDA:6,691,1,0
BRDA:6,692,0,0
BRDA:6,692,1,0
BRDA:6,693,0,0
BRDA:6,693,1,0
BRDA:6,694,0,0
BRDA:6,694,1,0
BRDA:6,695,0,0
BRDA:6,695,1,0
BRDA:6,696,0,0
BRDA:6,696,1,0
BRDA:6,697,0,0
BRDA:6,697,1,0
BRDA:6,698,0,0
BRDA:6,698,1,0
BRDA:6,698,2,0
BRDA:6,699,0,0
BRDA:6,699,1,0
BRDA:6,700,0,0
BRDA:6,700,1,0
BRDA:6,701,0,0
BRDA:6,701,1,0
BRDA:6,702,0,0
BRDA:6,702,1,0
BRDA:6,703,0,0
BRDA:6,703,1,0
BRDA:6,704,0,0
BRDA:6,704,1,0
BRDA:6,705,0,0
BRDA:6,705,1,0
BRDA:6,706,0,0
BRDA:6,706,1,0
BRDA:6,707,0,0
BRDA:6,707,1,0
BRDA:6,708,0,0
BRDA:6,708,1,0
BRDA:6,709,0,0
BRDA:6,709,1,0
BRDA:6,710,0,0
BRDA:6,710,1,0
BRDA:6,711,0,0
BRDA:6,711,1,0
BRDA:6,712,0,0
BRDA:6,712,1,0
BRDA:6,713,0,0
BRDA:6,713,1,0
BRDA:6,714,0,0
BRDA:6,714,1,0
BRDA:6,715,0,0
BRDA:6,715,1,0
BRDA:6,716,0,0
BRDA:6,716,1,0
BRDA:6,717,0,0
BRDA:6,717,1,0
BRDA:6,718,0,0
BRDA:6,718,1,0
BRDA:6,719,0,0
BRDA:6,719,1,0
BRDA:6,720,0,0
BRDA:6,720,1,0
BRDA:6,721,0,0
BRDA:6,721,1,0
BRDA:6,722,0,0
BRDA:6,722,1,0
BRDA:6,723,0,0
BRDA:6,723,1,0
BRDA:6,724,0,0
BRDA:6,724,1,0
BRDA:6,724,2,0
BRDA:6,725,0,0
BRDA:6,725,1,0
BRDA:6,725,2,0
BRDA:6,725,3,0
BRDA:6,725,4,0
BRDA:6,726,0,0
BRDA:6,726,1,0
BRDA:6,727,0,0
BRDA:6,727,1,0
BRDA:6,728,0,0
BRDA:6,728,1,0
BRDA:6,729,0,0
BRDA:6,729,1,0
BRDA:6,730,0,0
BRDA:6,730,1,0
BRDA:6,730,2,0
BRDA:6,731,0,0
BRDA:6,731,1,0
BRDA:6,732,0,0
BRDA:6,732,1,0
BRDA:6,733,0,0
BRDA:6,733,1,0
BRDA:6,734,0,0
BRDA:6,734,1,0
BRDA:6,735,0,0
BRDA:6,735,1,0
BRDA:6,736,0,0
BRDA:6,736,1,0
BRDA:6,736,2,0
BRDA:6,737,0,0
BRDA:6,737,1,0
BRDA:6,738,0,0
BRDA:6,738,1,0
BRDA:6,739,0,0
BRDA:6,739,1,0
BRDA:6,739,2,0
BRDA:6,740,0,0
BRDA:6,740,1,0
BRDA:6,740,2,0
BRDA:6,741,0,0
BRDA:6,741,1,0
BRDA:6,742,0,0
BRDA:6,742,1,0
BRDA:6,743,0,0
BRDA:6,743,1,0
BRDA:6,744,0,0
BRDA:6,744,1,0
BRDA:6,745,0,0
BRDA:6,745,1,0
BRDA:6,746,0,0
BRDA:6,746,1,0
BRDA:6,747,0,0
BRDA:6,747,1,0
BRDA:6,748,0,0
BRDA:6,748,1,0
BRDA:6,749,0,0
BRDA:6,749,1,0
BRDA:6,749,2,0
BRDA:6,750,0,0
BRDA:6,750,1,0
BRDA:6,751,0,0
BRDA:6,751,1,0
BRDA:6,752,0,0
BRDA:6,752,1,0
BRDA:6,753,0,0
BRDA:6,753,1,0
BRDA:6,754,0,0
BRDA:6,754,1,0
BRDA:6,755,0,0
BRDA:6,755,1,0
BRDA:6,756,0,0
BRDA:6,756,1,0
BRDA:6,757,0,0
BRDA:6,757,1,0
BRDA:6,758,0,0
BRDA:6,758,1,0
BRDA:6,759,0,0
BRDA:6,759,1,0
BRDA:6,759,2,0
BRDA:6,760,0,0
BRDA:6,760,1,0
BRDA:6,761,0,0
BRDA:6,761,1,0
BRDA:6,762,0,0
BRDA:6,762,1,0
BRDA:6,763,0,0
BRDA:6,763,1,0
BRDA:6,763,2,0
BRDA:6,763,3,0
BRDA:6,764,0,0
BRDA:6,764,1,0
BRDA:6,764,2,0
BRDA:6,764,3,0
BRDA:6,765,0,0
BRDA:6,765,1,0
BRDA:6,766,0,0
BRDA:6,766,1,0
BRDA:6,766,2,0
BRDA:6,767,0,0
BRDA:6,767,1,0
BRDA:6,768,0,0
BRDA:6,768,1,0
BRF:1646
BRH:0
end_of_record
TN:
SF:client/src/_site/markbind/js/markbind.min.js
FN:1,(anonymous_0)
FN:1,(anonymous_1)
FN:1,(anonymous_2)
FN:1,(anonymous_3)
FN:1,t
FN:1,(anonymous_5)
FN:1,(anonymous_6)
FN:1,(anonymous_7)
FN:1,(anonymous_8)
FN:1,(anonymous_9)
FN:1,(anonymous_10)
FN:1,(anonymous_11)
FN:1,(anonymous_12)
FN:1,(anonymous_13)
FN:1,(anonymous_14)
FN:1,(anonymous_15)
FN:1,e
FN:1,n
FN:1,(anonymous_18)
FN:1,(anonymous_19)
FN:1,(anonymous_20)
FN:1,(anonymous_21)
FN:1,(anonymous_22)
FN:1,(anonymous_23)
FN:1,r
FN:1,(anonymous_25)
FN:1,(anonymous_26)
FN:1,s
FN:1,(anonymous_28)
FN:1,(anonymous_29)
FN:1,(anonymous_30)
FN:1,l
FN:1,(anonymous_32)
FN:1,(anonymous_33)
FN:1,(anonymous_34)
FN:1,(anonymous_35)
FN:1,(anonymous_36)
FN:1,(anonymous_37)
FN:1,(anonymous_38)
FN:1,(anonymous_39)
FN:1,(anonymous_40)
FN:1,(anonymous_41)
FN:1,(anonymous_42)
FN:1,(anonymous_43)
FN:1,(anonymous_44)
FN:1,(anonymous_45)
FN:1,(anonymous_46)
FN:1,(anonymous_47)
FN:1,(anonymous_48)
FN:1,(anonymous_49)
FN:1,(anonymous_50)
FN:1,(anonymous_51)
FN:1,(anonymous_52)
FN:1,(anonymous_53)
FN:1,(anonymous_54)
FN:1,(anonymous_55)
FN:1,(anonymous_56)
FN:1,(anonymous_57)
FN:1,(anonymous_58)
FN:1,(anonymous_59)
FN:1,(anonymous_60)
FN:1,(anonymous_61)
FN:1,(anonymous_62)
FN:1,(anonymous_63)
FN:1,(anonymous_64)
FN:1,(anonymous_65)
FN:1,(anonymous_66)
FN:1,(anonymous_67)
FN:1,(anonymous_68)
FN:1,(anonymous_69)
FN:1,(anonymous_70)
FN:1,(anonymous_71)
FN:1,(anonymous_72)
FN:1,(anonymous_73)
FN:1,(anonymous_74)
FN:1,(anonymous_75)
FN:1,(anonymous_76)
FN:1,(anonymous_77)
FN:1,(anonymous_78)
FN:1,(anonymous_79)
FN:1,(anonymous_80)
FN:1,(anonymous_81)
FN:1,(anonymous_82)
FN:1,(anonymous_83)
FN:1,(anonymous_84)
FN:1,(anonymous_85)
FN:1,i
FN:1,(anonymous_87)
FN:1,(anonymous_88)
FN:1,(anonymous_89)
FN:1,(anonymous_90)
FN:1,(anonymous_91)
FN:1,(anonymous_92)
FN:1,(anonymous_93)
FN:1,t
FN:1,(anonymous_95)
FN:1,(anonymous_96)
FN:1,e
FN:1,(anonymous_98)
FN:1,n
FN:1,r
FN:1,s
FN:1,a
FN:1,l
FN:1,c
FN:1,(anonymous_105)
FN:1,u
FN:1,(anonymous_107)
FN:1,d
FN:1,h
FN:1,m
FN:1,g
FN:1,(anonymous_112)
FN:1,y
FN:1,b
FN:1,(anonymous_115)
FN:1,(anonymous_116)
FN:1,(anonymous_117)
FN:1,(anonymous_118)
FN:1,(anonymous_119)
FN:1,(anonymous_120)
FN:1,(anonymous_121)
FN:1,(anonymous_122)
FN:1,(anonymous_123)
FN:1,(anonymous_124)
FN:1,(anonymous_125)
FN:1,(anonymous_126)
FN:1,(anonymous_127)
FN:1,(anonymous_128)
FN:1,(anonymous_129)
FN:1,(anonymous_130)
FN:1,(anonymous_131)
FN:1,(anonymous_132)
FN:1,(anonymous_133)
FN:1,(anonymous_134)
FN:1,(anonymous_135)
FN:1,(anonymous_136)
FN:1,(anonymous_137)
FN:1,(anonymous_138)
FN:1,k
FN:1,T
FN:1,E
FN:1,O
FN:1,B
FN:1,P
FN:1,L
FN:1,N
FN:1,A
FN:1,z
FN:1,M
FN:1,j
FN:1,I
FN:1,q
FN:1,W
FN:1,F
FN:1,(anonymous_155)
FN:1,V
FN:1,U
FN:1,Q
FN:1,(anonymous_159)
FN:1,X
FN:1,Y
FN:1,t
FN:1,K
FN:1,(anonymous_164)
FN:1,(anonymous_165)
FN:1,(anonymous_166)
FN:1,G
FN:1,(anonymous_168)
FN:1,(anonymous_169)
FN:1,(anonymous_170)
FN:1,(anonymous_171)
FN:1,(anonymous_172)
FN:1,(anonymous_173)
FN:1,(anonymous_174)
FN:1,(anonymous_175)
FN:1,(anonymous_176)
FN:1,(anonymous_177)
FN:1,(anonymous_178)
FN:1,(anonymous_179)
FN:1,(anonymous_180)
FN:1,(anonymous_181)
FN:1,(anonymous_182)
FN:1,(anonymous_183)
FN:1,(anonymous_184)
FN:1,(anonymous_185)
FN:1,(anonymous_186)
FN:1,ht
FN:1,(anonymous_188)
FN:1,(anonymous_189)
FN:1,yt
FN:1,(anonymous_191)
FN:1,(anonymous_192)
FN:1,(anonymous_193)
FN:1,St
FN:1,(anonymous_195)
FN:1,(anonymous_196)
FN:1,(anonymous_197)
FN:1,(anonymous_198)
FN:1,(anonymous_199)
FN:1,(anonymous_200)
FN:1,(anonymous_201)
FN:1,(anonymous_202)
FN:1,(anonymous_203)
FN:1,(anonymous_204)
FN:1,(anonymous_205)
FN:1,(anonymous_206)
FN:1,(anonymous_207)
FN:1,(anonymous_208)
FN:1,(anonymous_209)
FN:1,(anonymous_210)
FN:1,(anonymous_211)
FN:1,(anonymous_212)
FN:1,(anonymous_213)
FN:1,(anonymous_214)
FN:1,(anonymous_215)
FN:1,(anonymous_216)
FN:1,(anonymous_217)
FN:1,(anonymous_218)
FN:1,(anonymous_219)
FN:1,(anonymous_220)
FN:1,(anonymous_221)
FN:1,(anonymous_222)
FN:1,(anonymous_223)
FN:1,(anonymous_224)
FN:1,(anonymous_225)
FN:1,(anonymous_226)
FN:1,(anonymous_227)
FN:1,(anonymous_228)
FN:1,(anonymous_229)
FN:1,(anonymous_230)
FN:1,(anonymous_231)
FN:1,(anonymous_232)
FN:1,(anonymous_233)
FN:1,(anonymous_234)
FN:1,(anonymous_235)
FN:1,(anonymous_236)
FN:1,(anonymous_237)
FN:1,(anonymous_238)
FN:1,(anonymous_239)
FN:1,(anonymous_240)
FN:1,(anonymous_241)
FN:1,(anonymous_242)
FN:1,(anonymous_243)
FN:1,(anonymous_244)
FN:1,(anonymous_245)
FN:1,(anonymous_246)
FN:1,(anonymous_247)
FN:1,(anonymous_248)
FN:1,(anonymous_249)
FN:1,(anonymous_250)
FN:1,(anonymous_251)
FN:1,(anonymous_252)
FN:1,(anonymous_253)
FN:1,(anonymous_254)
FN:1,(anonymous_255)
FN:1,(anonymous_256)
FN:1,(anonymous_257)
FN:1,(anonymous_258)
FN:1,(anonymous_259)
FN:1,(anonymous_260)
FN:1,(anonymous_261)
FN:1,(anonymous_262)
FN:1,(anonymous_263)
FN:1,$t
FN:1,kt
FN:1,(anonymous_266)
FN:1,Tt
FN:1,Et
FN:1,(anonymous_269)
FN:1,(anonymous_270)
FN:1,(anonymous_271)
FN:1,Nt
FN:1,zt
FN:1,(anonymous_274)
FN:1,Mt
FN:1,(anonymous_276)
FN:1,(anonymous_277)
FN:1,(anonymous_278)
FN:1,(anonymous_279)
FN:1,(anonymous_280)
FN:1,(anonymous_281)
FN:1,(anonymous_282)
FN:1,(anonymous_283)
FN:1,(anonymous_284)
FN:1,(anonymous_285)
FN:1,(anonymous_286)
FN:1,(anonymous_287)
FN:1,(anonymous_288)
FN:1,(anonymous_289)
FN:1,(anonymous_290)
FN:1,(anonymous_291)
FN:1,(anonymous_292)
FN:1,(anonymous_293)
FN:1,Ft
FN:1,(anonymous_295)
FN:1,(anonymous_296)
FN:1,(anonymous_297)
FN:1,(anonymous_298)
FN:1,(anonymous_299)
FN:1,(anonymous_300)
FN:1,(anonymous_301)
FN:1,Qt
FN:1,(anonymous_303)
FN:1,(anonymous_304)
FN:1,(anonymous_305)
FN:1,(anonymous_306)
FN:1,(anonymous_307)
FN:1,(anonymous_308)
FN:1,(anonymous_309)
FN:1,(anonymous_310)
FN:1,(anonymous_311)
FN:1,(anonymous_312)
FN:1,(anonymous_313)
FN:1,(anonymous_314)
FN:1,Jt
FN:1,(anonymous_316)
FN:1,oe
FN:1,(anonymous_318)
FN:1,ce
FN:1,(anonymous_320)
FN:1,fe
FN:1,(anonymous_322)
FN:1,(anonymous_323)
FN:1,(anonymous_324)
FN:1,(anonymous_325)
FN:1,(anonymous_326)
FN:1,(anonymous_327)
FN:1,(anonymous_328)
FN:1,(anonymous_329)
FN:1,(anonymous_330)
FN:1,(anonymous_331)
FN:1,(anonymous_332)
FN:1,(anonymous_333)
FN:1,(anonymous_334)
FN:1,(anonymous_335)
FN:1,(anonymous_336)
FN:1,(anonymous_337)
FN:1,(anonymous_338)
FN:1,(anonymous_339)
FN:1,we
FN:1,(anonymous_341)
FN:1,_e
FN:1,(anonymous_343)
FN:1,(anonymous_344)
FN:1,(anonymous_345)
FN:1,Se
FN:1,(anonymous_347)
FN:1,(anonymous_348)
FN:1,(anonymous_349)
FN:1,xe
FN:1,Ce
FN:1,(anonymous_352)
FN:1,ke
FN:1,Te
FN:1,Ee
FN:1,Oe
FN:1,Be
FN:1,Pe
FN:1,(anonymous_359)
FN:1,(anonymous_360)
FN:1,(anonymous_361)
FN:1,(anonymous_362)
FN:1,t
FN:1,(anonymous_364)
FN:1,(anonymous_365)
FN:1,(anonymous_366)
FN:1,(anonymous_367)
FN:1,(anonymous_368)
FN:1,Re
FN:1,je
FN:1,Ie
FN:1,qe
FN:1,(anonymous_373)
FN:1,(anonymous_374)
FN:1,(anonymous_375)
FN:1,(anonymous_376)
FN:1,(anonymous_377)
FN:1,(anonymous_378)
FN:1,(anonymous_379)
FN:1,(anonymous_380)
FN:1,(anonymous_381)
FN:1,(anonymous_382)
FN:1,(anonymous_383)
FN:1,(anonymous_384)
FN:1,(anonymous_385)
FN:1,(anonymous_386)
FN:1,(anonymous_387)
FN:1,(anonymous_388)
FN:1,(anonymous_389)
FN:1,(anonymous_390)
FN:1,(anonymous_391)
FN:1,(anonymous_392)
FN:1,(anonymous_393)
FN:1,(anonymous_394)
FN:1,(anonymous_395)
FN:1,(anonymous_396)
FN:1,(anonymous_397)
FN:1,(anonymous_398)
FN:1,(anonymous_399)
FN:1,(anonymous_400)
FN:1,(anonymous_401)
FN:1,(anonymous_402)
FN:1,(anonymous_403)
FN:1,(anonymous_404)
FN:1,(anonymous_405)
FN:1,(anonymous_406)
FN:1,(anonymous_407)
FN:1,Ke
FN:1,nn
FN:1,on
FN:1,rn
FN:1,(anonymous_412)
FN:1,t
FN:1,(anonymous_414)
FN:1,(anonymous_415)
FN:1,e
FN:1,(anonymous_417)
FN:1,(anonymous_418)
FN:1,(anonymous_419)
FN:1,(anonymous_420)
FN:1,(anonymous_421)
FN:1,(anonymous_422)
FN:1,(anonymous_423)
FN:1,(anonymous_424)
FN:1,(anonymous_425)
FN:1,(anonymous_426)
FN:1,(anonymous_427)
FN:1,(anonymous_428)
FN:1,(anonymous_429)
FN:1,(anonymous_430)
FN:1,(anonymous_431)
FN:1,(anonymous_432)
FN:1,(anonymous_433)
FN:1,(anonymous_434)
FN:1,(anonymous_435)
FN:1,(anonymous_436)
FN:1,(anonymous_437)
FN:1,(anonymous_438)
FN:1,(anonymous_439)
FN:1,(anonymous_440)
FN:1,(anonymous_441)
FN:1,(anonymous_442)
FN:1,(anonymous_443)
FN:1,(anonymous_444)
FN:1,(anonymous_445)
FN:1,(anonymous_446)
FN:1,(anonymous_447)
FN:1,(anonymous_448)
FN:1,(anonymous_449)
FN:1,(anonymous_450)
FN:1,(anonymous_451)
FN:1,(anonymous_452)
FN:1,(anonymous_453)
FN:1,(anonymous_454)
FN:1,(anonymous_455)
FN:1,(anonymous_456)
FN:1,(anonymous_457)
FN:1,(anonymous_458)
FN:1,(anonymous_459)
FN:1,(anonymous_460)
FN:1,(anonymous_461)
FN:1,(anonymous_462)
FN:1,(anonymous_463)
FN:1,(anonymous_464)
FN:1,(anonymous_465)
FN:1,(anonymous_466)
FN:1,(anonymous_467)
FN:1,(anonymous_468)
FN:1,(anonymous_469)
FN:1,(anonymous_470)
FN:1,(anonymous_471)
FN:1,(anonymous_472)
FN:1,ln
FN:1,(anonymous_474)
FN:1,(anonymous_475)
FN:1,un
FN:1,(anonymous_477)
FN:1,(anonymous_478)
FN:1,(anonymous_479)
FN:1,(anonymous_480)
FN:1,(anonymous_481)
FN:1,hn
FN:1,(anonymous_483)
FN:1,(anonymous_484)
FN:1,mn
FN:1,(anonymous_486)
FN:1,(anonymous_487)
FN:1,(anonymous_488)
FN:1,(anonymous_489)
FN:1,(anonymous_490)
FN:1,(anonymous_491)
FN:1,(anonymous_492)
FN:1,(anonymous_493)
FN:1,(anonymous_494)
FN:1,(anonymous_495)
FN:1,(anonymous_496)
FN:1,(anonymous_497)
FN:1,(anonymous_498)
FN:1,(anonymous_499)
FN:1,(anonymous_500)
FN:1,(anonymous_501)
FN:1,(anonymous_502)
FN:1,(anonymous_503)
FN:1,(anonymous_504)
FN:1,(anonymous_505)
FN:1,(anonymous_506)
FN:1,(anonymous_507)
FN:1,(anonymous_508)
FN:1,(anonymous_509)
FN:1,(anonymous_510)
FN:1,(anonymous_511)
FN:1,(anonymous_512)
FN:1,(anonymous_513)
FN:1,(anonymous_514)
FN:1,(anonymous_515)
FN:1,(anonymous_516)
FN:1,(anonymous_517)
FN:1,(anonymous_518)
FN:1,(anonymous_519)
FN:1,(anonymous_520)
FN:1,(anonymous_521)
FN:1,(anonymous_522)
FN:1,(anonymous_523)
FN:1,(anonymous_524)
FN:1,wn
FN:1,bn
FN:1,_n
FN:1,(anonymous_528)
FN:1,(anonymous_529)
FN:1,(anonymous_530)
FN:1,Sn
FN:1,(anonymous_532)
FN:1,(anonymous_533)
FN:1,(anonymous_534)
FN:1,(anonymous_535)
FN:1,(anonymous_536)
FN:1,(anonymous_537)
FN:1,(anonymous_538)
FN:1,(anonymous_539)
FN:1,(anonymous_540)
FN:1,(anonymous_541)
FN:1,(anonymous_542)
FN:1,(anonymous_543)
FN:1,(anonymous_544)
FN:1,(anonymous_545)
FN:1,(anonymous_546)
FN:1,(anonymous_547)
FN:1,(anonymous_548)
FN:1,(anonymous_549)
FN:1,(anonymous_550)
FN:1,(anonymous_551)
FN:1,(anonymous_552)
FN:1,(anonymous_553)
FN:1,(anonymous_554)
FN:1,(anonymous_555)
FN:1,(anonymous_556)
FN:1,(anonymous_557)
FN:1,(anonymous_558)
FN:1,(anonymous_559)
FN:1,(anonymous_560)
FN:1,(anonymous_561)
FN:1,(anonymous_562)
FN:1,(anonymous_563)
FN:1,(anonymous_564)
FN:1,(anonymous_565)
FN:1,(anonymous_566)
FN:1,(anonymous_567)
FN:1,(anonymous_568)
FN:1,(anonymous_569)
FN:1,(anonymous_570)
FN:1,(anonymous_571)
FN:1,(anonymous_572)
FN:1,(anonymous_573)
FN:1,(anonymous_574)
FN:1,(anonymous_575)
FN:1,(anonymous_576)
FN:1,(anonymous_577)
FN:1,(anonymous_578)
FN:1,(anonymous_579)
FN:1,(anonymous_580)
FN:1,(anonymous_581)
FN:1,(anonymous_582)
FN:1,(anonymous_583)
FN:1,(anonymous_584)
FN:1,(anonymous_585)
FN:1,(anonymous_586)
FN:1,(anonymous_587)
FN:1,(anonymous_588)
FN:1,(anonymous_589)
FN:1,(anonymous_590)
FN:1,(anonymous_591)
FN:1,(anonymous_592)
FN:1,(anonymous_593)
FN:1,(anonymous_594)
FN:1,(anonymous_595)
FN:1,(anonymous_596)
FN:1,(anonymous_597)
FN:1,(anonymous_598)
FN:1,(anonymous_599)
FN:1,(anonymous_600)
FN:1,(anonymous_601)
FN:1,(anonymous_602)
FN:1,(anonymous_603)
FN:1,(anonymous_604)
FN:1,(anonymous_605)
FN:1,(anonymous_606)
FN:1,(anonymous_607)
FN:1,(anonymous_608)
FN:1,(anonymous_609)
FN:1,(anonymous_610)
FN:1,(anonymous_611)
FN:1,(anonymous_612)
FN:1,(anonymous_613)
FN:1,(anonymous_614)
FN:1,(anonymous_615)
FN:1,(anonymous_616)
FN:1,(anonymous_617)
FN:1,(anonymous_618)
FN:1,(anonymous_619)
FN:1,(anonymous_620)
FN:1,(anonymous_621)
FN:1,An
FN:1,(anonymous_623)
FN:1,(anonymous_624)
FN:1,(anonymous_625)
FN:1,(anonymous_626)
FN:1,(anonymous_627)
FN:1,(anonymous_628)
FN:1,e
FN:1,(anonymous_630)
FN:1,(anonymous_631)
FN:1,(anonymous_632)
FN:1,(anonymous_633)
FN:1,(anonymous_634)
FN:1,(anonymous_635)
FN:1,(anonymous_636)
FN:1,(anonymous_637)
FN:1,(anonymous_638)
FN:1,(anonymous_639)
FN:1,(anonymous_640)
FN:1,(anonymous_641)
FN:1,(anonymous_642)
FN:1,(anonymous_643)
FN:1,(anonymous_644)
FN:1,(anonymous_645)
FN:1,(anonymous_646)
FN:1,(anonymous_647)
FN:1,(anonymous_648)
FN:1,(anonymous_649)
FN:1,(anonymous_650)
FN:1,(anonymous_651)
FN:1,(anonymous_652)
FN:1,(anonymous_653)
FN:1,(anonymous_654)
FN:1,(anonymous_655)
FN:1,(anonymous_656)
FN:1,(anonymous_657)
FN:1,e
FN:1,(anonymous_659)
FN:1,(anonymous_660)
FN:1,(anonymous_661)
FN:1,(anonymous_662)
FN:1,(anonymous_663)
FN:1,(anonymous_664)
FN:1,(anonymous_665)
FN:1,(anonymous_666)
FN:1,(anonymous_667)
FN:1,(anonymous_668)
FN:1,(anonymous_669)
FN:1,(anonymous_670)
FN:1,(anonymous_671)
FN:1,(anonymous_672)
FN:1,(anonymous_673)
FN:1,(anonymous_674)
FN:1,(anonymous_675)
FN:1,(anonymous_676)
FN:1,(anonymous_677)
FN:1,(anonymous_678)
FN:1,(anonymous_679)
FN:1,(anonymous_680)
FN:1,(anonymous_681)
FN:1,(anonymous_682)
FN:1,(anonymous_683)
FN:1,(anonymous_684)
FN:1,(anonymous_685)
FN:1,(anonymous_686)
FN:1,(anonymous_687)
FN:1,(anonymous_688)
FN:1,(anonymous_689)
FN:1,(anonymous_690)
FN:1,(anonymous_691)
FN:1,(anonymous_692)
FN:1,(anonymous_693)
FN:1,(anonymous_694)
FN:1,(anonymous_695)
FN:1,(anonymous_696)
FN:1,(anonymous_697)
FN:1,(anonymous_698)
FN:1,(anonymous_699)
FN:1,(anonymous_700)
FN:1,(anonymous_701)
FN:1,(anonymous_702)
FN:1,(anonymous_703)
FN:1,(anonymous_704)
FN:1,(anonymous_705)
FN:1,(anonymous_706)
FN:1,(anonymous_707)
FN:1,(anonymous_708)
FN:1,(anonymous_709)
FN:1,(anonymous_710)
FN:1,(anonymous_711)
FN:1,(anonymous_712)
FN:1,(anonymous_713)
FN:1,(anonymous_714)
FN:1,(anonymous_715)
FN:1,(anonymous_716)
FN:1,(anonymous_717)
FN:1,(anonymous_718)
FN:1,(anonymous_719)
FN:1,(anonymous_720)
FN:1,(anonymous_721)
FN:1,(anonymous_722)
FN:1,(anonymous_723)
FN:1,(anonymous_724)
FN:1,(anonymous_725)
FN:1,(anonymous_726)
FN:1,(anonymous_727)
FN:1,Yn
FN:1,(anonymous_729)
FN:1,Kn
FN:1,(anonymous_731)
FN:1,(anonymous_732)
FN:1,(anonymous_733)
FN:1,(anonymous_734)
FN:1,(anonymous_735)
FN:1,(anonymous_736)
FN:1,(anonymous_737)
FN:1,(anonymous_738)
FN:1,(anonymous_739)
FN:1,(anonymous_740)
FN:1,(anonymous_741)
FN:1,(anonymous_742)
FN:1,(anonymous_743)
FN:1,(anonymous_744)
FN:1,(anonymous_745)
FN:1,(anonymous_746)
FN:1,(anonymous_747)
FN:1,(anonymous_748)
FN:1,(anonymous_749)
FN:1,(anonymous_750)
FN:1,(anonymous_751)
FN:1,(anonymous_752)
FN:1,(anonymous_753)
FN:1,(anonymous_754)
FN:1,(anonymous_755)
FN:1,(anonymous_756)
FN:1,(anonymous_757)
FN:1,(anonymous_758)
FN:1,(anonymous_759)
FN:1,(anonymous_760)
FN:1,(anonymous_761)
FN:1,(anonymous_762)
FN:1,(anonymous_763)
FN:1,(anonymous_764)
FN:1,(anonymous_765)
FN:1,(anonymous_766)
FN:1,(anonymous_767)
FN:1,(anonymous_768)
FN:1,(anonymous_769)
FN:1,(anonymous_770)
FN:1,(anonymous_771)
FN:1,(anonymous_772)
FN:1,(anonymous_773)
FN:1,(anonymous_774)
FN:1,(anonymous_775)
FN:1,(anonymous_776)
FN:1,(anonymous_777)
FN:1,(anonymous_778)
FN:1,(anonymous_779)
FN:1,(anonymous_780)
FN:1,(anonymous_781)
FN:1,(anonymous_782)
FN:1,(anonymous_783)
FN:1,(anonymous_784)
FN:1,(anonymous_785)
FN:1,(anonymous_786)
FN:1,(anonymous_787)
FN:1,(anonymous_788)
FN:1,(anonymous_789)
FN:1,(anonymous_790)
FN:1,(anonymous_791)
FN:1,ei
FN:1,(anonymous_793)
FN:1,(anonymous_794)
FN:1,(anonymous_795)
FN:1,(anonymous_796)
FN:1,(anonymous_797)
FN:1,(anonymous_798)
FN:1,(anonymous_799)
FN:1,(anonymous_800)
FN:1,(anonymous_801)
FN:1,(anonymous_802)
FN:1,(anonymous_803)
FN:1,(anonymous_804)
FN:1,(anonymous_805)
FN:1,(anonymous_806)
FN:1,(anonymous_807)
FN:1,(anonymous_808)
FN:1,(anonymous_809)
FN:1,(anonymous_810)
FN:1,t
FN:1,(anonymous_812)
FN:1,(anonymous_813)
FN:1,(anonymous_814)
FN:1,(anonymous_815)
FN:1,(anonymous_816)
FN:1,(anonymous_817)
FN:1,(anonymous_818)
FN:1,(anonymous_819)
FN:1,(anonymous_820)
FN:1,(anonymous_821)
FN:1,(anonymous_822)
FN:1,(anonymous_823)
FN:1,(anonymous_824)
FN:1,(anonymous_825)
FN:1,(anonymous_826)
FN:1,o
FN:1,(anonymous_828)
FN:1,(anonymous_829)
FN:1,(anonymous_830)
FN:1,(anonymous_831)
FN:1,(anonymous_832)
FN:1,(anonymous_833)
FN:1,(anonymous_834)
FN:1,(anonymous_835)
FN:1,(anonymous_836)
FN:1,(anonymous_837)
FN:1,(anonymous_838)
FN:1,(anonymous_839)
FN:1,(anonymous_840)
FN:1,(anonymous_841)
FN:1,(anonymous_842)
FN:1,(anonymous_843)
FN:1,(anonymous_844)
FN:1,(anonymous_845)
FN:1,(anonymous_846)
FN:1,(anonymous_847)
FN:1,(anonymous_848)
FN:1,(anonymous_849)
FN:1,(anonymous_850)
FN:1,(anonymous_851)
FN:1,(anonymous_852)
FN:1,(anonymous_853)
FN:1,(anonymous_854)
FN:1,(anonymous_855)
FN:1,(anonymous_856)
FN:1,(anonymous_857)
FN:1,(anonymous_858)
FN:1,(anonymous_859)
FN:1,(anonymous_860)
FN:1,(anonymous_861)
FN:1,(anonymous_862)
FN:1,(anonymous_863)
FN:1,(anonymous_864)
FN:1,(anonymous_865)
FN:1,(anonymous_866)
FN:1,(anonymous_867)
FN:1,(anonymous_868)
FN:1,(anonymous_869)
FN:1,(anonymous_870)
FN:1,(anonymous_871)
FN:1,(anonymous_872)
FN:1,(anonymous_873)
FN:1,(anonymous_874)
FN:1,(anonymous_875)
FN:1,(anonymous_876)
FN:1,(anonymous_877)
FN:1,(anonymous_878)
FN:1,(anonymous_879)
FN:1,(anonymous_880)
FN:1,(anonymous_881)
FN:1,(anonymous_882)
FN:1,(anonymous_883)
FN:1,(anonymous_884)
FN:1,(anonymous_885)
FN:1,(anonymous_886)
FN:1,(anonymous_887)
FN:1,(anonymous_888)
FN:1,(anonymous_889)
FN:1,(anonymous_890)
FN:1,(anonymous_891)
FN:1,mi
FN:1,(anonymous_893)
FN:1,(anonymous_894)
FN:1,vi
FN:1,gi
FN:1,yi
FN:1,(anonymous_898)
FN:1,wi
FN:1,(anonymous_900)
FN:1,(anonymous_901)
FN:1,bi
FN:1,(anonymous_903)
FN:1,(anonymous_904)
FN:1,(anonymous_905)
FN:1,(anonymous_906)
FN:1,_i
FN:1,(anonymous_908)
FN:1,(anonymous_909)
FN:1,t
FN:1,(anonymous_911)
FN:1,(anonymous_912)
FN:1,(anonymous_913)
FN:1,(anonymous_914)
FN:1,(anonymous_915)
FN:1,(anonymous_916)
FN:1,(anonymous_917)
FN:1,(anonymous_918)
FN:1,(anonymous_919)
FN:1,(anonymous_920)
FN:1,(anonymous_921)
FN:1,(anonymous_922)
FN:1,(anonymous_923)
FN:1,(anonymous_924)
FN:1,(anonymous_925)
FN:1,(anonymous_926)
FN:1,(anonymous_927)
FN:1,(anonymous_928)
FN:1,(anonymous_929)
FN:1,(anonymous_930)
FN:1,(anonymous_931)
FN:1,(anonymous_932)
FN:1,(anonymous_933)
FN:1,(anonymous_934)
FN:1,(anonymous_935)
FN:1,(anonymous_936)
FN:1,(anonymous_937)
FN:1,(anonymous_938)
FN:1,(anonymous_939)
FN:1,(anonymous_940)
FN:1,(anonymous_941)
FN:1,(anonymous_942)
FN:1,(anonymous_943)
FN:1,(anonymous_944)
FN:1,(anonymous_945)
FN:1,(anonymous_946)
FN:1,(anonymous_947)
FN:1,(anonymous_948)
FN:1,(anonymous_949)
FN:1,(anonymous_950)
FN:1,(anonymous_951)
FN:1,(anonymous_952)
FN:1,(anonymous_953)
FN:1,(anonymous_954)
FN:1,(anonymous_955)
FN:1,(anonymous_956)
FN:1,(anonymous_957)
FN:1,(anonymous_958)
FN:1,(anonymous_959)
FN:1,(anonymous_960)
FN:1,(anonymous_961)
FN:1,(anonymous_962)
FN:1,(anonymous_963)
FN:1,(anonymous_964)
FN:1,(anonymous_965)
FN:1,(anonymous_966)
FN:1,(anonymous_967)
FN:1,(anonymous_968)
FN:1,(anonymous_969)
FN:1,(anonymous_970)
FN:1,(anonymous_971)
FN:1,(anonymous_972)
FN:1,(anonymous_973)
FN:1,(anonymous_974)
FN:1,(anonymous_975)
FN:1,(anonymous_976)
FN:1,(anonymous_977)
FN:1,(anonymous_978)
FN:1,(anonymous_979)
FN:1,(anonymous_980)
FN:1,(anonymous_981)
FN:1,(anonymous_982)
FN:1,(anonymous_983)
FN:1,(anonymous_984)
FN:1,(anonymous_985)
FN:1,(anonymous_986)
FN:1,(anonymous_987)
FN:1,(anonymous_988)
FN:1,(anonymous_989)
FN:1,(anonymous_990)
FN:1,(anonymous_991)
FN:1,(anonymous_992)
FN:1,(anonymous_993)
FN:1,(anonymous_994)
FN:1,(anonymous_995)
FN:1,(anonymous_996)
FN:1,(anonymous_997)
FN:1,(anonymous_998)
FN:1,(anonymous_999)
FN:1,(anonymous_1000)
FN:1,(anonymous_1001)
FN:1,(anonymous_1002)
FN:1,(anonymous_1003)
FN:1,(anonymous_1004)
FN:1,t
FN:1,(anonymous_1006)
FN:1,(anonymous_1007)
FN:1,(anonymous_1008)
FN:1,(anonymous_1009)
FN:1,(anonymous_1010)
FN:1,(anonymous_1011)
FN:1,(anonymous_1012)
FN:1,(anonymous_1013)
FN:1,(anonymous_1014)
FN:1,(anonymous_1015)
FN:1,(anonymous_1016)
FN:1,(anonymous_1017)
FN:1,(anonymous_1018)
FN:1,(anonymous_1019)
FN:1,(anonymous_1020)
FN:1,(anonymous_1021)
FN:1,(anonymous_1022)
FN:1,(anonymous_1023)
FN:1,(anonymous_1024)
FN:1,(anonymous_1025)
FN:1,(anonymous_1026)
FN:1,(anonymous_1027)
FN:1,(anonymous_1028)
FN:1,(anonymous_1029)
FN:1,(anonymous_1030)
FN:1,(anonymous_1031)
FN:1,(anonymous_1032)
FN:1,(anonymous_1033)
FN:1,(anonymous_1034)
FN:1,(anonymous_1035)
FN:1,(anonymous_1036)
FN:1,(anonymous_1037)
FN:1,(anonymous_1038)
FN:1,(anonymous_1039)
FN:1,(anonymous_1040)
FN:1,(anonymous_1041)
FN:1,(anonymous_1042)
FN:1,(anonymous_1043)
FN:1,(anonymous_1044)
FN:1,io
FN:1,(anonymous_1046)
FN:1,(anonymous_1047)
FN:1,(anonymous_1048)
FN:1,(anonymous_1049)
FN:1,(anonymous_1050)
FN:1,(anonymous_1051)
FN:1,(anonymous_1052)
FN:1,(anonymous_1053)
FN:1,(anonymous_1054)
FN:1,(anonymous_1055)
FN:1,(anonymous_1056)
FN:1,(anonymous_1057)
FN:1,(anonymous_1058)
FN:1,(anonymous_1059)
FN:1,(anonymous_1060)
FN:1,(anonymous_1061)
FN:1,(anonymous_1062)
FN:1,(anonymous_1063)
FN:1,(anonymous_1064)
FN:1,(anonymous_1065)
FN:1,(anonymous_1066)
FN:1,(anonymous_1067)
FN:1,(anonymous_1068)
FN:1,(anonymous_1069)
FN:1,(anonymous_1070)
FN:1,(anonymous_1071)
FN:1,(anonymous_1072)
FN:1,(anonymous_1073)
FN:1,(anonymous_1074)
FN:1,(anonymous_1075)
FN:1,(anonymous_1076)
FN:1,(anonymous_1077)
FN:1,(anonymous_1078)
FN:1,(anonymous_1079)
FN:1,(anonymous_1080)
FN:1,(anonymous_1081)
FN:1,(anonymous_1082)
FN:1,(anonymous_1083)
FN:1,(anonymous_1084)
FN:1,(anonymous_1085)
FN:1,(anonymous_1086)
FN:1,(anonymous_1087)
FN:1,(anonymous_1088)
FN:1,(anonymous_1089)
FN:1,(anonymous_1090)
FN:1,(anonymous_1091)
FN:1,(anonymous_1092)
FN:1,(anonymous_1093)
FN:1,(anonymous_1094)
FN:1,(anonymous_1095)
FN:1,(anonymous_1096)
FN:1,(anonymous_1097)
FN:1,(anonymous_1098)
FN:1,(anonymous_1099)
FN:1,(anonymous_1100)
FN:1,(anonymous_1101)
FN:1,(anonymous_1102)
FN:1,(anonymous_1103)
FN:1,(anonymous_1104)
FN:1,(anonymous_1105)
FN:1,(anonymous_1106)
FN:1,(anonymous_1107)
FN:1,(anonymous_1108)
FN:1,(anonymous_1109)
FN:1,(anonymous_1110)
FN:1,(anonymous_1111)
FN:1,(anonymous_1112)
FN:1,(anonymous_1113)
FN:1,(anonymous_1114)
FN:1,(anonymous_1115)
FN:1,(anonymous_1116)
FN:1,(anonymous_1117)
FN:1,(anonymous_1118)
FN:1,(anonymous_1119)
FN:1,(anonymous_1120)
FN:1,(anonymous_1121)
FN:1,(anonymous_1122)
FN:1,(anonymous_1123)
FN:1,(anonymous_1124)
FN:1,(anonymous_1125)
FN:1,(anonymous_1126)
FN:1,(anonymous_1127)
FN:1,(anonymous_1128)
FN:1,(anonymous_1129)
FN:1,(anonymous_1130)
FN:1,(anonymous_1131)
FN:1,(anonymous_1132)
FN:1,(anonymous_1133)
FN:1,(anonymous_1134)
FN:1,Bo
FN:1,(anonymous_1136)
FN:1,Po
FN:1,(anonymous_1138)
FN:1,(anonymous_1139)
FN:1,Ao
FN:1,(anonymous_1141)
FN:1,(anonymous_1142)
FN:1,(anonymous_1143)
FN:1,(anonymous_1144)
FN:1,a
FN:1,l
FN:1,zo
FN:1,(anonymous_1148)
FN:1,(anonymous_1149)
FN:1,(anonymous_1150)
FN:1,(anonymous_1151)
FN:1,(anonymous_1152)
FN:1,(anonymous_1153)
FN:1,(anonymous_1154)
FN:1,(anonymous_1155)
FN:1,(anonymous_1156)
FN:1,(anonymous_1157)
FN:1,(anonymous_1158)
FN:1,(anonymous_1159)
FNF:1160
FNH:0
FNDA:0,(anonymous_0)
FNDA:0,(anonymous_1)
FNDA:0,(anonymous_2)
FNDA:0,(anonymous_3)
FNDA:0,t
FNDA:0,(anonymous_5)
FNDA:0,(anonymous_6)
FNDA:0,(anonymous_7)
FNDA:0,(anonymous_8)
FNDA:0,(anonymous_9)
FNDA:0,(anonymous_10)
FNDA:0,(anonymous_11)
FNDA:0,(anonymous_12)
FNDA:0,(anonymous_13)
FNDA:0,(anonymous_14)
FNDA:0,(anonymous_15)
FNDA:0,e
FNDA:0,n
FNDA:0,(anonymous_18)
FNDA:0,(anonymous_19)
FNDA:0,(anonymous_20)
FNDA:0,(anonymous_21)
FNDA:0,(anonymous_22)
FNDA:0,(anonymous_23)
FNDA:0,r
FNDA:0,(anonymous_25)
FNDA:0,(anonymous_26)
FNDA:0,s
FNDA:0,(anonymous_28)
FNDA:0,(anonymous_29)
FNDA:0,(anonymous_30)
FNDA:0,l
FNDA:0,(anonymous_32)
FNDA:0,(anonymous_33)
FNDA:0,(anonymous_34)
FNDA:0,(anonymous_35)
FNDA:0,(anonymous_36)
FNDA:0,(anonymous_37)
FNDA:0,(anonymous_38)
FNDA:0,(anonymous_39)
FNDA:0,(anonymous_40)
FNDA:0,(anonymous_41)
FNDA:0,(anonymous_42)
FNDA:0,(anonymous_43)
FNDA:0,(anonymous_44)
FNDA:0,(anonymous_45)
FNDA:0,(anonymous_46)
FNDA:0,(anonymous_47)
FNDA:0,(anonymous_48)
FNDA:0,(anonymous_49)
FNDA:0,(anonymous_50)
FNDA:0,(anonymous_51)
FNDA:0,(anonymous_52)
FNDA:0,(anonymous_53)
FNDA:0,(anonymous_54)
FNDA:0,(anonymous_55)
FNDA:0,(anonymous_56)
FNDA:0,(anonymous_57)
FNDA:0,(anonymous_58)
FNDA:0,(anonymous_59)
FNDA:0,(anonymous_60)
FNDA:0,(anonymous_61)
FNDA:0,(anonymous_62)
FNDA:0,(anonymous_63)
FNDA:0,(anonymous_64)
FNDA:0,(anonymous_65)
FNDA:0,(anonymous_66)
FNDA:0,(anonymous_67)
FNDA:0,(anonymous_68)
FNDA:0,(anonymous_69)
FNDA:0,(anonymous_70)
FNDA:0,(anonymous_71)
FNDA:0,(anonymous_72)
FNDA:0,(anonymous_73)
FNDA:0,(anonymous_74)
FNDA:0,(anonymous_75)
FNDA:0,(anonymous_76)
FNDA:0,(anonymous_77)
FNDA:0,(anonymous_78)
FNDA:0,(anonymous_79)
FNDA:0,(anonymous_80)
FNDA:0,(anonymous_81)
FNDA:0,(anonymous_82)
FNDA:0,(anonymous_83)
FNDA:0,(anonymous_84)
FNDA:0,(anonymous_85)
FNDA:0,i
FNDA:0,(anonymous_87)
FNDA:0,(anonymous_88)
FNDA:0,(anonymous_89)
FNDA:0,(anonymous_90)
FNDA:0,(anonymous_91)
FNDA:0,(anonymous_92)
FNDA:0,(anonymous_93)
FNDA:0,t
FNDA:0,(anonymous_95)
FNDA:0,(anonymous_96)
FNDA:0,e
FNDA:0,(anonymous_98)
FNDA:0,n
FNDA:0,r
FNDA:0,s
FNDA:0,a
FNDA:0,l
FNDA:0,c
FNDA:0,(anonymous_105)
FNDA:0,u
FNDA:0,(anonymous_107)
FNDA:0,d
FNDA:0,h
FNDA:0,m
FNDA:0,g
FNDA:0,(anonymous_112)
FNDA:0,y
FNDA:0,b
FNDA:0,(anonymous_115)
FNDA:0,(anonymous_116)
FNDA:0,(anonymous_117)
FNDA:0,(anonymous_118)
FNDA:0,(anonymous_119)
FNDA:0,(anonymous_120)
FNDA:0,(anonymous_121)
FNDA:0,(anonymous_122)
FNDA:0,(anonymous_123)
FNDA:0,(anonymous_124)
FNDA:0,(anonymous_125)
FNDA:0,(anonymous_126)
FNDA:0,(anonymous_127)
FNDA:0,(anonymous_128)
FNDA:0,(anonymous_129)
FNDA:0,(anonymous_130)
FNDA:0,(anonymous_131)
FNDA:0,(anonymous_132)
FNDA:0,(anonymous_133)
FNDA:0,(anonymous_134)
FNDA:0,(anonymous_135)
FNDA:0,(anonymous_136)
FNDA:0,(anonymous_137)
FNDA:0,(anonymous_138)
FNDA:0,k
FNDA:0,T
FNDA:0,E
FNDA:0,O
FNDA:0,B
FNDA:0,P
FNDA:0,L
FNDA:0,N
FNDA:0,A
FNDA:0,z
FNDA:0,M
FNDA:0,j
FNDA:0,I
FNDA:0,q
FNDA:0,W
FNDA:0,F
FNDA:0,(anonymous_155)
FNDA:0,V
FNDA:0,U
FNDA:0,Q
FNDA:0,(anonymous_159)
FNDA:0,X
FNDA:0,Y
FNDA:0,t
FNDA:0,K
FNDA:0,(anonymous_164)
FNDA:0,(anonymous_165)
FNDA:0,(anonymous_166)
FNDA:0,G
FNDA:0,(anonymous_168)
FNDA:0,(anonymous_169)
FNDA:0,(anonymous_170)
FNDA:0,(anonymous_171)
FNDA:0,(anonymous_172)
FNDA:0,(anonymous_173)
FNDA:0,(anonymous_174)
FNDA:0,(anonymous_175)
FNDA:0,(anonymous_176)
FNDA:0,(anonymous_177)
FNDA:0,(anonymous_178)
FNDA:0,(anonymous_179)
FNDA:0,(anonymous_180)
FNDA:0,(anonymous_181)
FNDA:0,(anonymous_182)
FNDA:0,(anonymous_183)
FNDA:0,(anonymous_184)
FNDA:0,(anonymous_185)
FNDA:0,(anonymous_186)
FNDA:0,ht
FNDA:0,(anonymous_188)
FNDA:0,(anonymous_189)
FNDA:0,yt
FNDA:0,(anonymous_191)
FNDA:0,(anonymous_192)
FNDA:0,(anonymous_193)
FNDA:0,St
FNDA:0,(anonymous_195)
FNDA:0,(anonymous_196)
FNDA:0,(anonymous_197)
FNDA:0,(anonymous_198)
FNDA:0,(anonymous_199)
FNDA:0,(anonymous_200)
FNDA:0,(anonymous_201)
FNDA:0,(anonymous_202)
FNDA:0,(anonymous_203)
FNDA:0,(anonymous_204)
FNDA:0,(anonymous_205)
FNDA:0,(anonymous_206)
FNDA:0,(anonymous_207)
FNDA:0,(anonymous_208)
FNDA:0,(anonymous_209)
FNDA:0,(anonymous_210)
FNDA:0,(anonymous_211)
FNDA:0,(anonymous_212)
FNDA:0,(anonymous_213)
FNDA:0,(anonymous_214)
FNDA:0,(anonymous_215)
FNDA:0,(anonymous_216)
FNDA:0,(anonymous_217)
FNDA:0,(anonymous_218)
FNDA:0,(anonymous_219)
FNDA:0,(anonymous_220)
FNDA:0,(anonymous_221)
FNDA:0,(anonymous_222)
FNDA:0,(anonymous_223)
FNDA:0,(anonymous_224)
FNDA:0,(anonymous_225)
FNDA:0,(anonymous_226)
FNDA:0,(anonymous_227)
FNDA:0,(anonymous_228)
FNDA:0,(anonymous_229)
FNDA:0,(anonymous_230)
FNDA:0,(anonymous_231)
FNDA:0,(anonymous_232)
FNDA:0,(anonymous_233)
FNDA:0,(anonymous_234)
FNDA:0,(anonymous_235)
FNDA:0,(anonymous_236)
FNDA:0,(anonymous_237)
FNDA:0,(anonymous_238)
FNDA:0,(anonymous_239)
FNDA:0,(anonymous_240)
FNDA:0,(anonymous_241)
FNDA:0,(anonymous_242)
FNDA:0,(anonymous_243)
FNDA:0,(anonymous_244)
FNDA:0,(anonymous_245)
FNDA:0,(anonymous_246)
FNDA:0,(anonymous_247)
FNDA:0,(anonymous_248)
FNDA:0,(anonymous_249)
FNDA:0,(anonymous_250)
FNDA:0,(anonymous_251)
FNDA:0,(anonymous_252)
FNDA:0,(anonymous_253)
FNDA:0,(anonymous_254)
FNDA:0,(anonymous_255)
FNDA:0,(anonymous_256)
FNDA:0,(anonymous_257)
FNDA:0,(anonymous_258)
FNDA:0,(anonymous_259)
[...]
BRDA:58,3917,0,0
BRDA:58,3917,1,0
BRDA:58,3917,2,0
BRDA:58,3918,0,0
BRDA:58,3918,1,0
BRDA:58,3919,0,0
BRDA:58,3919,1,0
BRDA:58,3920,0,0
BRDA:58,3920,1,0
BRDA:58,3921,0,0
BRDA:58,3921,1,0
BRDA:58,3922,0,0
BRDA:58,3922,1,0
BRDA:58,3923,0,0
BRDA:58,3923,1,0
BRDA:58,3924,0,0
BRDA:58,3924,1,0
BRDA:58,3924,2,0
BRDA:58,3924,3,0
BRDA:58,3925,0,0
BRDA:58,3925,1,0
BRDA:58,3926,0,0
BRDA:58,3926,1,0
BRDA:58,3927,0,0
BRDA:58,3927,1,0
BRDA:58,3927,2,0
BRDA:58,3928,0,0
BRDA:58,3928,1,0
BRDA:58,3928,2,0
BRDA:58,3929,0,0
BRDA:58,3929,1,0
BRDA:58,3930,0,0
BRDA:58,3930,1,0
BRDA:58,3931,0,0
BRDA:58,3931,1,0
BRDA:58,3931,2,0
BRDA:58,3932,0,0
BRDA:58,3932,1,0
BRDA:58,3933,0,0
BRDA:58,3933,1,0
BRDA:58,3933,2,0
BRDA:58,3934,0,0
BRDA:58,3934,1,0
BRDA:58,3935,0,0
BRDA:58,3935,1,0
BRDA:58,3936,0,0
BRDA:58,3936,1,0
BRDA:58,3937,0,0
BRDA:58,3937,1,0
BRDA:58,3938,0,0
BRDA:58,3938,1,0
BRDA:58,3939,0,0
BRDA:58,3939,1,0
BRDA:58,3940,0,0
BRDA:58,3940,1,0
BRDA:58,3941,0,0
BRDA:58,3941,1,0
BRDA:58,3942,0,0
BRDA:58,3942,1,0
BRDA:58,3943,0,0
BRDA:58,3943,1,0
BRDA:58,3943,2,0
BRDA:58,3944,0,0
BRDA:58,3944,1,0
BRDA:58,3945,0,0
BRDA:58,3945,1,0
BRDA:58,3946,0,0
BRDA:58,3946,1,0
BRDA:58,3947,0,0
BRDA:58,3947,1,0
BRDA:58,3948,0,0
BRDA:58,3948,1,0
BRDA:58,3949,0,0
BRDA:58,3949,1,0
BRDA:58,3950,0,0
BRDA:58,3950,1,0
BRDA:58,3951,0,0
BRDA:58,3951,1,0
BRDA:58,3952,0,0
BRDA:58,3952,1,0
BRDA:58,3953,0,0
BRDA:58,3953,1,0
BRDA:58,3954,0,0
BRDA:58,3954,1,0
BRDA:58,3955,0,0
BRDA:58,3955,1,0
BRDA:58,3956,0,0
BRDA:58,3956,1,0
BRDA:58,3957,0,0
BRDA:58,3957,1,0
BRDA:58,3958,0,0
BRDA:58,3958,1,0
BRDA:58,3959,0,0
BRDA:58,3959,1,0
BRDA:58,3960,0,0
BRDA:58,3960,1,0
BRDA:58,3961,0,0
BRDA:58,3961,1,0
BRDA:58,3962,0,0
BRDA:58,3962,1,0
BRDA:58,3962,2,0
BRDA:58,3962,3,0
BRDA:58,3963,0,0
BRDA:58,3963,1,0
BRDA:58,3964,0,0
BRDA:58,3964,1,0
BRDA:58,3965,0,0
BRDA:58,3965,1,0
BRDA:58,3966,0,0
BRDA:58,3966,1,0
BRDA:58,3967,0,0
BRDA:58,3967,1,0
BRDA:58,3968,0,0
BRDA:58,3968,1,0
BRDA:58,3969,0,0
BRDA:58,3969,1,0
BRDA:58,3970,0,0
BRDA:58,3970,1,0
BRDA:58,3971,0,0
BRDA:58,3971,1,0
BRDA:58,3972,0,0
BRDA:58,3972,1,0
BRDA:58,3972,2,0
BRDA:58,3972,3,0
BRDA:58,3972,4,0
BRDA:58,3972,5,0
BRDA:58,3973,0,0
BRDA:58,3973,1,0
BRDA:58,3974,0,0
BRDA:58,3974,1,0
BRDA:58,3975,0,0
BRDA:58,3975,1,0
BRDA:58,3976,0,0
BRDA:58,3976,1,0
BRDA:58,3977,0,0
BRDA:58,3977,1,0
BRDA:58,3977,2,0
BRDA:58,3977,3,0
BRDA:58,3978,0,0
BRDA:58,3978,1,0
BRDA:58,3979,0,0
BRDA:58,3979,1,0
BRDA:58,3979,2,0
BRDA:58,3980,0,0
BRDA:58,3980,1,0
BRDA:58,3981,0,0
BRDA:58,3981,1,0
BRDA:58,3982,0,0
BRDA:58,3982,1,0
BRDA:58,3983,0,0
BRDA:58,3983,1,0
BRDA:58,3984,0,0
BRDA:58,3984,1,0
BRDA:58,3984,2,0
BRDA:58,3985,0,0
BRDA:58,3985,1,0
BRDA:58,3986,0,0
BRDA:58,3986,1,0
BRDA:58,3987,0,0
BRDA:58,3987,1,0
BRDA:58,3988,0,0
BRDA:58,3988,1,0
BRDA:58,3989,0,0
BRDA:58,3989,1,0
BRDA:58,3990,0,0
BRDA:58,3990,1,0
BRDA:58,3990,2,0
BRDA:58,3990,3,0
BRDA:58,3990,4,0
BRDA:58,3991,0,0
BRDA:58,3991,1,0
BRDA:58,3992,0,0
BRDA:58,3992,1,0
BRDA:58,3993,0,0
BRDA:58,3993,1,0
BRDA:58,3994,0,0
BRDA:58,3994,1,0
BRDA:58,3995,0,0
BRDA:58,3995,1,0
BRDA:58,3996,0,0
BRDA:58,3996,1,0
BRDA:58,3997,0,0
BRDA:58,3997,1,0
BRDA:58,3998,0,0
BRDA:58,3998,1,0
BRDA:58,3998,2,0
BRDA:58,3999,0,0
BRDA:58,3999,1,0
BRDA:58,3999,2,0
BRDA:58,3999,3,0
BRDA:58,4000,0,0
BRDA:58,4000,1,0
BRDA:58,4001,0,0
BRDA:58,4001,1,0
BRDA:58,4002,0,0
BRDA:58,4002,1,0
BRDA:58,4003,0,0
BRDA:58,4003,1,0
BRDA:58,4004,0,0
BRDA:58,4004,1,0
BRDA:58,4005,0,0
BRDA:58,4005,1,0
BRDA:58,4006,0,0
BRDA:58,4006,1,0
BRDA:58,4007,0,0
BRDA:58,4007,1,0
BRDA:58,4008,0,0
BRDA:58,4008,1,0
BRDA:58,4009,0,0
BRDA:58,4009,1,0
BRDA:58,4010,0,0
BRDA:58,4010,1,0
BRDA:58,4011,0,0
BRDA:58,4011,1,0
BRDA:58,4012,0,0
BRDA:58,4012,1,0
BRDA:58,4012,2,0
BRDA:58,4013,0,0
BRDA:58,4013,1,0
BRDA:58,4014,0,0
BRDA:58,4014,1,0
BRDA:58,4015,0,0
BRDA:58,4015,1,0
BRDA:58,4016,0,0
BRDA:58,4016,1,0
BRDA:58,4017,0,0
BRDA:58,4017,1,0
BRDA:58,4018,0,0
BRDA:58,4018,1,0
BRDA:58,4019,0,0
BRDA:58,4019,1,0
BRDA:58,4020,0,0
BRDA:58,4020,1,0
BRDA:58,4021,0,0
BRDA:58,4021,1,0
BRDA:58,4021,2,0
BRDA:58,4022,0,0
BRDA:58,4022,1,0
BRDA:58,4023,0,0
BRDA:58,4023,1,0
BRDA:58,4024,0,0
BRDA:58,4024,1,0
BRDA:58,4025,0,0
BRDA:58,4025,1,0
BRDA:58,4026,0,0
BRDA:58,4026,1,0
BRDA:58,4027,0,0
BRDA:58,4027,1,0
BRDA:58,4028,0,0
BRDA:58,4028,1,0
BRDA:58,4029,0,0
BRDA:58,4029,1,0
BRDA:58,4030,0,0
BRDA:58,4030,1,0
BRDA:58,4031,0,0
BRDA:58,4031,1,0
BRDA:58,4032,0,0
BRDA:58,4032,1,0
BRDA:58,4033,0,0
BRDA:58,4033,1,0
BRDA:58,4034,0,0
BRDA:58,4034,1,0
BRDA:58,4034,2,0
BRDA:58,4035,0,0
BRDA:58,4035,1,0
BRDA:58,4036,0,0
BRDA:58,4036,1,0
BRDA:58,4036,2,0
BRDA:58,4037,0,0
BRDA:58,4037,1,0
BRDA:58,4038,0,0
BRDA:58,4038,1,0
BRDA:58,4038,2,0
BRDA:58,4039,0,0
BRDA:58,4039,1,0
BRDA:58,4040,0,0
BRDA:58,4040,1,0
BRDA:58,4040,2,0
BRDA:58,4041,0,0
BRDA:58,4041,1,0
BRDA:58,4042,0,0
BRDA:58,4042,1,0
BRDA:58,4042,2,0
BRDA:58,4042,3,0
BRDA:58,4042,4,0
BRDA:58,4043,0,0
BRDA:58,4043,1,0
BRDA:58,4044,0,0
BRDA:58,4044,1,0
BRDA:58,4044,2,0
BRDA:58,4045,0,0
BRDA:58,4045,1,0
BRDA:58,4045,2,0
BRDA:58,4046,0,0
BRDA:58,4046,1,0
BRDA:58,4046,2,0
BRDA:58,4047,0,0
BRDA:58,4047,1,0
BRDA:58,4048,0,0
BRDA:58,4048,1,0
BRDA:58,4049,0,0
BRDA:58,4049,1,0
BRDA:58,4050,0,0
BRDA:58,4050,1,0
BRDA:58,4051,0,0
BRDA:58,4051,1,0
BRDA:58,4052,0,0
BRDA:58,4052,1,0
BRDA:58,4053,0,0
BRDA:58,4053,1,0
BRDA:58,4054,0,0
BRDA:58,4054,1,0
BRDA:58,4055,0,0
BRDA:58,4055,1,0
BRDA:58,4056,0,0
BRDA:58,4056,1,0
BRDA:61,4057,0,0
BRDA:61,4057,1,0
BRDA:61,4058,0,0
BRDA:61,4058,1,0
BRDA:61,4059,0,0
BRDA:61,4059,1,0
BRDA:61,4060,0,0
BRDA:61,4060,1,0
BRDA:61,4061,0,0
BRDA:61,4061,1,0
BRDA:61,4062,0,0
BRDA:61,4062,1,0
BRDA:61,4062,2,0
BRDA:61,4062,3,0
BRDA:61,4062,4,0
BRDA:61,4062,5,0
BRDA:61,4062,6,0
BRDA:61,4063,0,0
BRDA:61,4063,1,0
BRDA:61,4064,0,0
BRDA:61,4064,1,0
BRDA:61,4065,0,0
BRDA:61,4065,1,0
BRDA:61,4065,2,0
BRDA:61,4065,3,0
BRDA:61,4066,0,0
BRDA:61,4066,1,0
BRDA:61,4067,0,0
BRDA:61,4067,1,0
BRDA:61,4068,0,0
BRDA:61,4068,1,0
BRDA:61,4069,0,0
BRDA:61,4069,1,0
BRDA:61,4070,0,0
BRDA:61,4070,1,0
BRDA:61,4070,2,0
BRDA:61,4071,0,0
BRDA:61,4071,1,0
BRDA:61,4072,0,0
BRDA:61,4072,1,0
BRDA:61,4072,2,0
BRDA:61,4072,3,0
BRDA:61,4072,4,0
BRDA:61,4072,5,0
BRDA:61,4073,0,0
BRDA:61,4073,1,0
BRDA:61,4073,2,0
BRDA:61,4073,3,0
BRDA:61,4074,0,0
BRDA:61,4074,1,0
BRDA:61,4074,2,0
BRDA:61,4074,3,0
BRDA:61,4075,0,0
BRDA:61,4075,1,0
BRDA:61,4075,2,0
BRDA:61,4075,3,0
BRDA:61,4076,0,0
BRDA:61,4076,1,0
BRDA:61,4076,2,0
BRDA:61,4076,3,0
BRDA:61,4077,0,0
BRDA:61,4077,1,0
BRDA:61,4077,2,0
BRDA:61,4077,3,0
BRDA:61,4078,0,0
BRDA:61,4078,1,0
BRDA:61,4078,2,0
BRDA:61,4078,3,0
BRDA:61,4078,4,0
BRDA:61,4078,5,0
BRDA:61,4079,0,0
BRDA:61,4079,1,0
BRDA:61,4079,2,0
BRDA:61,4079,3,0
BRDA:61,4079,4,0
BRDA:61,4079,5,0
BRDA:61,4080,0,0
BRDA:61,4080,1,0
BRDA:61,4080,2,0
BRDA:61,4080,3,0
BRDA:61,4081,0,0
BRDA:61,4081,1,0
BRDA:61,4081,2,0
BRDA:61,4081,3,0
BRDA:61,4082,0,0
BRDA:61,4082,1,0
BRDA:61,4082,2,0
BRDA:61,4082,3,0
BRDA:61,4083,0,0
BRDA:61,4083,1,0
BRDA:61,4084,0,0
BRDA:61,4084,1,0
BRDA:61,4085,0,0
BRDA:61,4085,1,0
BRDA:61,4085,2,0
BRDA:61,4086,0,0
BRDA:61,4086,1,0
BRDA:61,4086,2,0
BRDA:61,4086,3,0
BRDA:61,4087,0,0
BRDA:61,4087,1,0
BRDA:61,4087,2,0
BRDA:61,4087,3,0
BRDA:61,4088,0,0
BRDA:61,4088,1,0
BRDA:61,4089,0,0
BRDA:61,4089,1,0
BRDA:61,4089,2,0
BRDA:61,4089,3,0
BRDA:61,4089,4,0
BRDA:61,4090,0,0
BRDA:61,4090,1,0
BRDA:61,4091,0,0
BRDA:61,4091,1,0
BRDA:61,4092,0,0
BRDA:61,4092,1,0
BRDA:61,4093,0,0
BRDA:61,4093,1,0
BRDA:61,4093,2,0
BRDA:61,4094,0,0
BRDA:61,4094,1,0
BRDA:61,4095,0,0
BRDA:61,4095,1,0
BRDA:61,4096,0,0
BRDA:61,4096,1,0
BRDA:61,4097,0,0
BRDA:61,4097,1,0
BRDA:61,4097,2,0
BRDA:61,4098,0,0
BRDA:61,4098,1,0
BRDA:61,4099,0,0
BRDA:61,4099,1,0
BRDA:61,4100,0,0
BRDA:61,4100,1,0
BRDA:61,4101,0,0
BRDA:61,4101,1,0
BRDA:61,4102,0,0
BRDA:61,4102,1,0
BRDA:61,4102,2,0
BRDA:61,4103,0,0
BRDA:61,4103,1,0
BRDA:61,4104,0,0
BRDA:61,4104,1,0
BRDA:61,4105,0,0
BRDA:61,4105,1,0
BRDA:61,4106,0,0
BRDA:61,4106,1,0
BRDA:61,4107,0,0
BRDA:61,4107,1,0
BRDA:61,4108,0,0
BRDA:61,4108,1,0
BRDA:61,4109,0,0
BRDA:61,4109,1,0
BRDA:61,4110,0,0
BRDA:61,4110,1,0
BRDA:61,4111,0,0
BRDA:61,4111,1,0
BRDA:61,4112,0,0
BRDA:61,4112,1,0
BRDA:61,4113,0,0
BRDA:61,4113,1,0
BRDA:61,4114,0,0
BRDA:61,4114,1,0
BRDA:61,4115,0,0
BRDA:61,4116,0,0
BRDA:61,4116,1,0
BRDA:61,4117,0,0
BRDA:61,4117,1,0
BRDA:61,4118,0,0
BRDA:61,4118,1,0
BRDA:61,4119,0,0
BRDA:61,4119,1,0
BRDA:61,4120,0,0
BRDA:61,4120,1,0
BRDA:61,4121,0,0
BRDA:61,4121,1,0
BRDA:61,4122,0,0
BRDA:61,4122,1,0
BRDA:61,4123,0,0
BRDA:61,4123,1,0
BRDA:61,4124,0,0
BRDA:61,4124,1,0
BRDA:61,4125,0,0
BRDA:61,4125,1,0
BRDA:61,4125,2,0
BRDA:61,4126,0,0
BRDA:61,4126,1,0
BRDA:61,4126,2,0
BRDA:61,4127,0,0
BRDA:61,4127,1,0
BRDA:61,4127,2,0
BRDA:61,4128,0,0
BRDA:61,4128,1,0
BRDA:61,4128,2,0
BRDA:61,4129,0,0
BRDA:61,4129,1,0
BRDA:61,4130,0,0
BRDA:61,4131,0,0
BRDA:61,4131,1,0
BRDA:61,4132,0,0
BRDA:61,4132,1,0
BRDA:61,4133,0,0
BRDA:61,4133,1,0
BRDA:61,4134,0,0
BRDA:61,4134,1,0
BRDA:61,4135,0,0
BRDA:61,4135,1,0
BRDA:61,4136,0,0
BRDA:61,4136,1,0
BRDA:61,4137,0,0
BRDA:61,4137,1,0
BRDA:61,4138,0,0
BRDA:61,4138,1,0
BRDA:61,4139,0,0
BRDA:61,4139,1,0
BRDA:61,4139,2,0
BRDA:61,4139,3,0
BRDA:61,4140,0,0
BRDA:61,4140,1,0
BRDA:61,4141,0,0
BRDA:61,4141,1,0
BRDA:61,4142,0,0
BRDA:61,4142,1,0
BRDA:61,4143,0,0
BRDA:61,4143,1,0
BRDA:61,4144,0,0
BRDA:61,4144,1,0
BRDA:62,4145,0,0
BRDA:62,4145,1,0
BRDA:62,4146,0,0
BRDA:62,4146,1,0
BRDA:62,4147,0,0
BRDA:62,4147,1,0
BRDA:62,4148,0,0
BRDA:62,4148,1,0
BRDA:62,4149,0,0
BRDA:62,4149,1,0
BRDA:62,4150,0,0
BRDA:62,4150,1,0
BRDA:62,4151,0,0
BRDA:62,4151,1,0
BRDA:62,4152,0,0
BRDA:62,4152,1,0
BRDA:62,4153,0,0
BRDA:62,4153,1,0
BRDA:62,4154,0,0
BRDA:62,4154,1,0
BRDA:62,4155,0,0
BRDA:62,4155,1,0
BRDA:62,4156,0,0
BRDA:62,4156,1,0
BRDA:62,4157,0,0
BRDA:62,4157,1,0
BRDA:62,4158,0,0
BRDA:62,4158,1,0
BRDA:62,4159,0,0
BRDA:62,4159,1,0
BRDA:62,4160,0,0
BRDA:62,4160,1,0
BRDA:62,4160,2,0
BRDA:62,4161,0,0
BRDA:62,4161,1,0
BRDA:62,4162,0,0
BRDA:62,4162,1,0
BRDA:62,4163,0,0
BRDA:62,4163,1,0
BRDA:62,4164,0,0
BRDA:62,4164,1,0
BRDA:62,4165,0,0
BRDA:62,4165,1,0
BRDA:62,4166,0,0
BRDA:62,4166,1,0
BRDA:62,4167,0,0
BRDA:62,4167,1,0
BRDA:62,4168,0,0
BRDA:62,4168,1,0
BRDA:62,4169,0,0
BRDA:62,4169,1,0
BRDA:62,4170,0,0
BRDA:62,4170,1,0
BRDA:62,4171,0,0
BRDA:62,4171,1,0
BRDA:62,4172,0,0
BRDA:62,4172,1,0
BRDA:62,4173,0,0
BRDA:62,4173,1,0
BRDA:62,4174,0,0
BRDA:62,4174,1,0
BRDA:62,4175,0,0
BRDA:62,4175,1,0
BRDA:62,4176,0,0
BRDA:62,4176,1,0
BRDA:62,4177,0,0
BRDA:62,4177,1,0
BRDA:62,4178,0,0
BRDA:62,4178,1,0
BRDA:62,4179,0,0
BRDA:62,4179,1,0
BRDA:62,4180,0,0
BRDA:62,4180,1,0
BRDA:62,4181,0,0
BRDA:62,4181,1,0
BRDA:62,4182,0,0
BRDA:62,4182,1,0
BRDA:62,4183,0,0
BRDA:62,4183,1,0
BRDA:62,4184,0,0
BRDA:62,4184,1,0
BRDA:62,4185,0,0
BRDA:62,4185,1,0
BRDA:62,4186,0,0
BRDA:62,4186,1,0
BRDA:62,4187,0,0
BRDA:62,4187,1,0
BRDA:62,4188,0,0
BRDA:62,4188,1,0
BRDA:62,4189,0,0
BRDA:62,4189,1,0
BRDA:62,4189,2,0
BRDA:62,4190,0,0
BRDA:62,4190,1,0
BRDA:62,4191,0,0
BRDA:62,4191,1,0
BRDA:62,4192,0,0
BRDA:62,4192,1,0
BRDA:62,4193,0,0
BRDA:62,4193,1,0
BRDA:62,4194,0,0
BRDA:62,4194,1,0
BRDA:62,4195,0,0
BRDA:62,4195,1,0
BRDA:62,4196,0,0
BRDA:62,4196,1,0
BRDA:62,4197,0,0
BRDA:62,4197,1,0
BRDA:62,4198,0,0
BRDA:62,4198,1,0
BRDA:62,4199,0,0
BRDA:62,4199,1,0
BRDA:62,4200,0,0
BRDA:62,4200,1,0
BRDA:62,4201,0,0
BRDA:62,4201,1,0
BRDA:62,4202,0,0
BRDA:62,4202,1,0
BRDA:62,4203,0,0
BRDA:62,4203,1,0
BRDA:62,4204,0,0
BRDA:62,4204,1,0
BRDA:62,4205,0,0
BRDA:62,4205,1,0
BRDA:62,4206,0,0
BRDA:62,4206,1,0
BRDA:62,4207,0,0
BRDA:62,4207,1,0
BRDA:62,4208,0,0
BRDA:62,4208,1,0
BRDA:62,4209,0,0
BRDA:62,4209,1,0
BRDA:62,4210,0,0
BRDA:62,4210,1,0
BRDA:62,4211,0,0
BRDA:62,4211,1,0
BRDA:62,4212,0,0
BRDA:62,4212,1,0
BRDA:62,4213,0,0
BRDA:62,4213,1,0
BRDA:62,4214,0,0
BRDA:62,4214,1,0
BRDA:62,4215,0,0
BRDA:62,4215,1,0
BRDA:62,4216,0,0
BRDA:62,4216,1,0
BRDA:62,4217,0,0
BRDA:62,4217,1,0
BRDA:62,4218,0,0
BRDA:62,4218,1,0
BRDA:62,4218,2,0
BRDA:62,4219,0,0
BRDA:62,4219,1,0
BRDA:62,4220,0,0
BRDA:62,4220,1,0
BRDA:62,4221,0,0
BRDA:62,4221,1,0
BRDA:62,4222,0,0
BRDA:62,4222,1,0
BRDA:62,4223,0,0
BRDA:62,4223,1,0
BRDA:62,4224,0,0
BRDA:62,4224,1,0
BRDA:62,4225,0,0
BRDA:62,4225,1,0
BRDA:62,4226,0,0
BRDA:62,4226,1,0
BRDA:62,4227,0,0
BRDA:62,4227,1,0
BRDA:62,4228,0,0
BRDA:62,4228,1,0
BRDA:62,4229,0,0
BRDA:62,4229,1,0
BRDA:62,4230,0,0
BRDA:62,4230,1,0
BRDA:62,4231,0,0
BRDA:62,4231,1,0
BRDA:62,4232,0,0
BRDA:62,4232,1,0
BRDA:62,4233,0,0
BRDA:62,4233,1,0
BRDA:62,4234,0,0
BRDA:62,4234,1,0
BRDA:62,4235,0,0
BRDA:62,4235,1,0
BRDA:62,4236,0,0
BRDA:62,4236,1,0
BRDA:62,4237,0,0
BRDA:62,4237,1,0
BRDA:62,4238,0,0
BRDA:62,4238,1,0
BRDA:62,4238,2,0
BRDA:62,4239,0,0
BRDA:62,4239,1,0
BRDA:62,4240,0,0
BRDA:62,4240,1,0
BRDA:62,4241,0,0
BRDA:62,4241,1,0
BRDA:62,4242,0,0
BRDA:62,4242,1,0
BRDA:62,4243,0,0
BRDA:62,4243,1,0
BRDA:62,4244,0,0
BRDA:62,4244,1,0
BRDA:62,4245,0,0
BRDA:62,4245,1,0
BRDA:62,4246,0,0
BRDA:62,4246,1,0
BRDA:62,4246,2,0
BRDA:62,4247,0,0
BRDA:62,4247,1,0
BRDA:62,4247,2,0
BRDA:62,4248,0,0
BRDA:62,4248,1,0
BRDA:62,4249,0,0
BRDA:62,4249,1,0
BRDA:62,4250,0,0
BRDA:62,4250,1,0
BRDA:62,4251,0,0
BRDA:62,4251,1,0
BRDA:62,4252,0,0
BRDA:62,4252,1,0
BRDA:62,4253,0,0
BRDA:62,4253,1,0
BRDA:62,4254,0,0
BRDA:62,4254,1,0
BRDA:62,4255,0,0
BRDA:62,4255,1,0
BRDA:62,4256,0,0
BRDA:62,4256,1,0
BRDA:62,4257,0,0
BRDA:62,4257,1,0
BRDA:62,4258,0,0
BRDA:62,4258,1,0
BRDA:62,4258,2,0
BRDA:62,4258,3,0
BRDA:62,4259,0,0
BRDA:62,4259,1,0
BRDA:62,4260,0,0
BRDA:62,4260,1,0
BRDA:62,4261,0,0
BRDA:62,4261,1,0
BRDA:62,4262,0,0
BRDA:62,4262,1,0
BRDA:62,4263,0,0
BRDA:62,4263,1,0
BRDA:62,4264,0,0
BRDA:62,4264,1,0
BRDA:62,4265,0,0
BRDA:62,4265,1,0
BRDA:62,4266,0,0
BRDA:62,4266,1,0
BRDA:62,4267,0,0
BRDA:62,4267,1,0
BRDA:62,4267,2,0
BRDA:62,4267,3,0
BRDA:62,4268,0,0
BRDA:62,4268,1,0
BRDA:62,4269,0,0
BRDA:62,4269,1,0
BRDA:62,4270,0,0
BRDA:62,4270,1,0
BRDA:62,4271,0,0
BRDA:62,4271,1,0
BRDA:62,4272,0,0
BRDA:62,4272,1,0
BRDA:62,4273,0,0
BRDA:62,4273,1,0
BRDA:62,4274,0,0
BRDA:62,4274,1,0
BRDA:62,4275,0,0
BRDA:62,4275,1,0
BRDA:62,4276,0,0
BRDA:62,4276,1,0
BRDA:62,4277,0,0
BRDA:62,4277,1,0
BRDA:62,4278,0,0
BRDA:62,4278,1,0
BRDA:62,4279,0,0
BRDA:62,4279,1,0
BRDA:62,4280,0,0
BRDA:62,4280,1,0
BRDA:62,4281,0,0
BRDA:62,4281,1,0
BRDA:62,4282,0,0
BRDA:62,4282,1,0
BRDA:62,4283,0,0
BRDA:62,4283,1,0
BRDA:62,4284,0,0
BRDA:62,4284,1,0
BRDA:62,4285,0,0
BRDA:62,4285,1,0
BRDA:62,4286,0,0
BRDA:62,4286,1,0
BRDA:62,4287,0,0
BRDA:62,4287,1,0
BRDA:62,4288,0,0
BRDA:62,4288,1,0
BRDA:62,4289,0,0
BRDA:62,4289,1,0
BRDA:62,4290,0,0
BRDA:62,4290,1,0
BRDA:62,4291,0,0
BRDA:62,4291,1,0
BRDA:62,4292,0,0
BRDA:62,4292,1,0
BRDA:62,4293,0,0
BRDA:62,4293,1,0
BRDA:62,4294,0,0
BRDA:62,4294,1,0
BRDA:62,4295,0,0
BRDA:62,4295,1,0
BRDA:62,4296,0,0
BRDA:62,4296,1,0
BRDA:62,4297,0,0
BRDA:62,4297,1,0
BRDA:62,4298,0,0
BRDA:62,4298,1,0
BRDA:62,4299,0,0
BRDA:62,4299,1,0
BRDA:62,4300,0,0
BRDA:62,4300,1,0
BRDA:62,4301,0,0
BRDA:62,4301,1,0
BRDA:62,4302,0,0
BRDA:62,4302,1,0
BRDA:62,4303,0,0
BRDA:62,4303,1,0
BRDA:62,4304,0,0
BRDA:62,4304,1,0
BRDA:62,4305,0,0
BRDA:62,4305,1,0
BRDA:62,4306,0,0
BRDA:62,4306,1,0
BRDA:62,4307,0,0
BRDA:62,4307,1,0
BRDA:62,4308,0,0
BRDA:62,4308,1,0
BRDA:69,4309,0,0
BRDA:69,4309,1,0
BRDA:69,4310,0,0
BRDA:69,4310,1,0
BRDA:69,4311,0,0
BRDA:69,4311,1,0
BRDA:69,4312,0,0
BRDA:69,4312,1,0
BRDA:69,4313,0,0
BRDA:69,4313,1,0
BRDA:69,4313,2,0
BRDA:69,4314,0,0
BRDA:69,4314,1,0
BRDA:69,4315,0,0
BRDA:69,4315,1,0
BRDA:69,4316,0,0
BRDA:69,4316,1,0
BRDA:69,4317,0,0
BRDA:69,4317,1,0
BRDA:69,4318,0,0
BRDA:69,4318,1,0
BRDA:69,4319,0,0
BRDA:69,4319,1,0
BRDA:69,4320,0,0
BRDA:69,4320,1,0
BRDA:69,4321,0,0
BRDA:69,4321,1,0
BRDA:69,4322,0,0
BRDA:69,4322,1,0
BRDA:69,4323,0,0
BRDA:69,4323,1,0
BRDA:69,4323,2,0
BRDA:69,4324,0,0
BRDA:69,4324,1,0
BRDA:69,4324,2,0
BRDA:69,4325,0,0
BRDA:69,4325,1,0
BRDA:69,4325,2,0
BRDA:69,4326,0,0
BRDA:69,4326,1,0
BRDA:69,4326,2,0
BRDA:69,4327,0,0
BRDA:69,4327,1,0
BRDA:69,4327,2,0
BRDA:69,4328,0,0
BRDA:69,4328,1,0
BRDA:69,4329,0,0
BRDA:69,4329,1,0
BRDA:69,4330,0,0
BRDA:69,4330,1,0
BRDA:69,4330,2,0
BRDA:69,4331,0,0
BRDA:69,4331,1,0
BRDA:69,4331,2,0
BRDA:69,4332,0,0
BRDA:69,4332,1,0
BRDA:69,4332,2,0
BRDA:69,4333,0,0
BRDA:69,4333,1,0
BRDA:69,4334,0,0
BRDA:69,4334,1,0
BRDA:69,4335,0,0
BRDA:69,4335,1,0
BRDA:69,4336,0,0
BRDA:69,4336,1,0
BRDA:69,4337,0,0
BRDA:69,4337,1,0
BRDA:69,4338,0,0
BRDA:69,4338,1,0
BRDA:69,4339,0,0
BRDA:69,4339,1,0
BRDA:69,4340,0,0
BRDA:69,4340,1,0
BRDA:69,4341,0,0
BRDA:69,4341,1,0
BRDA:69,4342,0,0
BRDA:69,4342,1,0
BRDA:69,4343,0,0
BRDA:69,4343,1,0
BRDA:69,4344,0,0
BRDA:69,4344,1,0
BRDA:69,4345,0,0
BRDA:69,4345,1,0
BRDA:69,4346,0,0
BRDA:69,4346,1,0
BRDA:69,4347,0,0
BRDA:69,4347,1,0
BRDA:69,4348,0,0
BRDA:69,4348,1,0
BRDA:69,4349,0,0
BRDA:69,4349,1,0
BRDA:69,4350,0,0
BRDA:69,4350,1,0
BRDA:69,4351,0,0
BRDA:69,4351,1,0
BRDA:69,4352,0,0
BRDA:69,4352,1,0
BRDA:69,4352,2,0
BRDA:69,4353,0,0
BRDA:69,4353,1,0
BRDA:69,4353,2,0
BRDA:69,4354,0,0
BRDA:69,4354,1,0
BRDA:69,4354,2,0
BRDA:69,4355,0,0
BRDA:69,4355,1,0
BRDA:69,4356,0,0
BRDA:69,4356,1,0
BRDA:69,4357,0,0
BRDA:69,4357,1,0
BRDA:69,4358,0,0
BRDA:69,4358,1,0
BRDA:69,4359,0,0
BRDA:69,4359,1,0
BRDA:69,4360,0,0
BRDA:69,4360,1,0
BRDA:69,4361,0,0
BRDA:69,4361,1,0
BRDA:69,4362,0,0
BRDA:69,4362,1,0
BRDA:69,4363,0,0
BRDA:69,4363,1,0
BRDA:69,4364,0,0
BRDA:69,4364,1,0
BRDA:69,4365,0,0
BRDA:69,4365,1,0
BRDA:69,4366,0,0
BRDA:69,4366,1,0
BRDA:69,4367,0,0
BRDA:69,4367,1,0
BRDA:69,4368,0,0
BRDA:69,4368,1,0
BRDA:69,4369,0,0
BRDA:69,4369,1,0
BRDA:69,4370,0,0
BRDA:69,4370,1,0
BRDA:69,4371,0,0
BRDA:69,4371,1,0
BRDA:69,4372,0,0
BRDA:69,4372,1,0
BRDA:69,4373,0,0
BRDA:69,4373,1,0
BRDA:69,4374,0,0
BRDA:69,4374,1,0
BRDA:69,4375,0,0
BRDA:69,4375,1,0
BRDA:69,4376,0,0
BRDA:69,4376,1,0
BRDA:69,4376,2,0
BRDA:69,4377,0,0
BRDA:69,4377,1,0
BRDA:69,4378,0,0
BRDA:69,4378,1,0
BRDA:69,4379,0,0
BRDA:69,4379,1,0
BRDA:69,4379,2,0
BRDA:69,4380,0,0
BRDA:69,4380,1,0
BRDA:69,4381,0,0
BRDA:69,4381,1,0
BRDA:69,4382,0,0
BRDA:69,4382,1,0
BRDA:69,4383,0,0
BRDA:69,4383,1,0
BRDA:69,4384,0,0
BRDA:69,4384,1,0
BRDA:69,4385,0,0
BRDA:69,4385,1,0
BRDA:69,4386,0,0
BRDA:69,4386,1,0
BRDA:69,4387,0,0
BRDA:69,4387,1,0
BRDA:69,4388,0,0
BRDA:69,4388,1,0
BRDA:69,4389,0,0
BRDA:69,4389,1,0
BRDA:69,4390,0,0
BRDA:69,4390,1,0
BRDA:69,4391,0,0
BRDA:69,4391,1,0
BRDA:69,4392,0,0
BRDA:69,4392,1,0
BRDA:69,4393,0,0
BRDA:69,4393,1,0
BRDA:69,4394,0,0
BRDA:69,4394,1,0
BRDA:69,4395,0,0
BRDA:69,4395,1,0
BRDA:69,4396,0,0
BRDA:69,4396,1,0
BRDA:69,4397,0,0
BRDA:69,4397,1,0
BRDA:69,4398,0,0
BRDA:69,4398,1,0
BRDA:69,4399,0,0
BRDA:69,4399,1,0
BRDA:69,4400,0,0
BRDA:69,4400,1,0
BRDA:69,4401,0,0
BRDA:69,4401,1,0
BRDA:69,4401,2,0
BRDA:69,4402,0,0
BRDA:69,4402,1,0
BRDA:69,4402,2,0
BRDA:69,4403,0,0
BRDA:69,4403,1,0
BRDA:69,4404,0,0
BRDA:69,4404,1,0
BRDA:69,4405,0,0
BRDA:69,4405,1,0
BRDA:69,4406,0,0
BRDA:69,4406,1,0
BRDA:69,4407,0,0
BRDA:69,4407,1,0
BRDA:69,4408,0,0
BRDA:69,4408,1,0
BRDA:69,4409,0,0
BRDA:69,4409,1,0
BRDA:69,4410,0,0
BRDA:69,4410,1,0
BRDA:69,4411,0,0
BRDA:69,4411,1,0
BRDA:69,4412,0,0
BRDA:69,4412,1,0
BRDA:69,4413,0,0
BRDA:69,4413,1,0
BRDA:69,4414,0,0
BRDA:69,4414,1,0
BRDA:69,4415,0,0
BRDA:69,4415,1,0
BRDA:69,4416,0,0
BRDA:69,4416,1,0
BRDA:69,4417,0,0
BRDA:69,4417,1,0
BRDA:69,4418,0,0
BRDA:69,4418,1,0
BRDA:69,4419,0,0
BRDA:69,4419,1,0
BRDA:69,4420,0,0
BRDA:69,4420,1,0
BRDA:69,4421,0,0
BRDA:69,4421,1,0
BRDA:69,4422,0,0
BRDA:69,4422,1,0
BRDA:69,4423,0,0
BRDA:69,4423,1,0
BRDA:69,4424,0,0
BRDA:69,4424,1,0
BRDA:69,4425,0,0
BRDA:69,4425,1,0
BRDA:69,4426,0,0
BRDA:69,4426,1,0
BRDA:69,4427,0,0
BRDA:69,4427,1,0
BRDA:69,4428,0,0
BRDA:69,4428,1,0
BRDA:69,4429,0,0
BRDA:69,4429,1,0
BRF:10188
BRH:0
end_of_record
TN:
SF:routes/authRoute.js
FN:31,(anonymous_0)
FN:35,(anonymous_1)
FNF:2
FNH:0
FNDA:0,(anonymous_0)
FNDA:0,(anonymous_1)
DA:15,0
DA:19,0
DA:22,0
DA:25,0
DA:28,0
DA:31,0
DA:32,0
DA:35,0
DA:36,0
DA:40,0
DA:43,0
DA:46,0
DA:49,0
LF:13
LH:0
BRF:0
BRH:0
end_of_record
TN:
SF:routes/categoryRoutes.js
FNF:0
FNH:0
DA:11,0
DA:15,0
DA:23,0
DA:31,0
DA:34,0
DA:37,0
LF:6
LH:0
BRF:0
BRH:0
end_of_record
TN:
SF:routes/productRoutes.js
FNF:0
FNH:0
DA:21,0
DA:24,0
DA:32,0
DA:41,0
DA:44,0
DA:47,0
DA:50,0
DA:53,0
DA:56,0
DA:59,0
DA:62,0
DA:65,0
DA:68,0
DA:72,0
DA:75,0
LF:15
LH:0
BRF:0
BRH:0
end_of_record
